This file contains any messages produced by compilers while
running configure, to aid debugging if configure makes a mistake.

It was created by aircrack-ng configure 1.5.2, which was
generated by GNU Autoconf 2.69.  Invocation command line was

  $ ./configure --with-experimental

## --------- ##
## Platform. ##
## --------- ##

hostname = MBP-de-Hugo
uname -m = x86_64
uname -r = 16.7.0
uname -s = Darwin
uname -v = Darwin Kernel Version 16.7.0: Thu Jun 15 17:36:27 PDT 2017; root:xnu-3789.70.16~2/RELEASE_X86_64

/usr/bin/uname -p = i386
/bin/uname -X     = unknown

/bin/arch              = unknown
/usr/bin/arch -k       = unknown
/usr/convex/getsysinfo = unknown
/usr/bin/hostinfo      = Mach kernel version:
	 Darwin Kernel Version 16.7.0: Thu Jun 15 17:36:27 PDT 2017; root:xnu-3789.70.16~2/RELEASE_X86_64
Kernel configured for up to 4 processors.
2 processors are physically available.
4 processors are logically available.
Processor type: x86_64h (Intel x86-64h Haswell)
Processors active: 0 1 2 3
Primary memory available: 8.00 gigabytes
Default processor set: 386 tasks, 2150 threads, 4 processors
Load average: 2.34, Mach factor: 1.65
/bin/machine           = unknown
/usr/bin/oslevel       = unknown
/bin/universe          = unknown

PATH: /usr/local/bin
PATH: /usr/bin
PATH: /bin
PATH: /usr/sbin
PATH: /sbin


## ----------- ##
## Core tests. ##
## ----------- ##

configure:3245: checking build system type
configure:3259: result: x86_64-apple-darwin16.7.0
configure:3279: checking host system type
configure:3292: result: x86_64-apple-darwin16.7.0
configure:3312: checking target system type
configure:3325: result: x86_64-apple-darwin16.7.0
configure:3402: checking for a BSD-compatible install
configure:3470: result: /usr/local/bin/ginstall -c
configure:3481: checking whether build environment is sane
configure:3536: result: yes
configure:3687: checking for a thread-safe mkdir -p
configure:3726: result: /usr/local/bin/gmkdir -p
configure:3733: checking for gawk
configure:3763: result: no
configure:3733: checking for mawk
configure:3763: result: no
configure:3733: checking for nawk
configure:3763: result: no
configure:3733: checking for awk
configure:3749: found /usr/local/bin/awk
configure:3760: result: awk
configure:3771: checking whether make sets $(MAKE)
configure:3793: result: yes
configure:3822: checking whether make supports nested variables
configure:3839: result: yes
configure:3966: checking whether to enable maintainer-specific portions of Makefiles
configure:3975: result: yes
configure:4002: checking whether make supports nested variables
configure:4019: result: yes
configure:4038: checking whether make supports the include directive
configure:4053: make -f confmf.GNU && cat confinc.out
this is the am__doit target
configure:4056: $? = 0
configure:4075: result: yes (GNU style)
configure:4147: checking for gcc
configure:4163: found /usr/bin/gcc
configure:4174: result: gcc
configure:4403: checking for C compiler version
configure:4412: gcc --version >&5
Apple LLVM version 9.0.0 (clang-900.0.39.2)
Target: x86_64-apple-darwin16.7.0
Thread model: posix
InstalledDir: /Applications/Xcode.app/Contents/Developer/Toolchains/XcodeDefault.xctoolchain/usr/bin
Configured with: --prefix=/Applications/Xcode.app/Contents/Developer/usr --with-gxx-include-dir=/usr/include/c++/4.2.1
configure:4423: $? = 0
configure:4412: gcc -v >&5
Configured with: --prefix=/Applications/Xcode.app/Contents/Developer/usr --with-gxx-include-dir=/usr/include/c++/4.2.1
Apple LLVM version 9.0.0 (clang-900.0.39.2)
Target: x86_64-apple-darwin16.7.0
Thread model: posix
InstalledDir: /Applications/Xcode.app/Contents/Developer/Toolchains/XcodeDefault.xctoolchain/usr/bin
configure:4423: $? = 0
configure:4412: gcc -V >&5
clang: error: argument to '-V' is missing (expected 1 value)
clang: error: no input files
configure:4423: $? = 1
configure:4412: gcc -qversion >&5
clang: error: unknown argument: '-qversion'
clang: error: no input files
configure:4423: $? = 1
configure:4443: checking whether the C compiler works
configure:4465: gcc    conftest.c  >&5
configure:4469: $? = 0
configure:4517: result: yes
configure:4520: checking for C compiler default output file name
configure:4522: result: a.out
configure:4528: checking for suffix of executables
configure:4535: gcc -o conftest    conftest.c  >&5
configure:4539: $? = 0
configure:4561: result: 
configure:4583: checking whether we are cross compiling
configure:4591: gcc -o conftest    conftest.c  >&5
configure:4595: $? = 0
configure:4602: ./conftest
configure:4606: $? = 0
configure:4621: result: no
configure:4626: checking for suffix of object files
configure:4648: gcc -c   conftest.c >&5
configure:4652: $? = 0
configure:4673: result: o
configure:4677: checking whether we are using the GNU C compiler
configure:4696: gcc -c   conftest.c >&5
configure:4696: $? = 0
configure:4705: result: yes
configure:4714: checking whether gcc accepts -g
configure:4734: gcc -c -g  conftest.c >&5
configure:4734: $? = 0
configure:4775: result: yes
configure:4792: checking for gcc option to accept ISO C89
configure:4855: gcc  -c -g -O2  conftest.c >&5
configure:4855: $? = 0
configure:4868: result: none needed
configure:4893: checking whether gcc understands -c and -o together
configure:4915: gcc -c conftest.c -o conftest2.o
configure:4918: $? = 0
configure:4915: gcc -c conftest.c -o conftest2.o
configure:4918: $? = 0
configure:4930: result: yes
configure:4949: checking dependency style of gcc
configure:5060: result: gcc3
configure:5137: checking for g++
configure:5153: found /usr/bin/g++
configure:5164: result: g++
configure:5191: checking for C++ compiler version
configure:5200: g++ --version >&5
Apple LLVM version 9.0.0 (clang-900.0.39.2)
Target: x86_64-apple-darwin16.7.0
Thread model: posix
InstalledDir: /Applications/Xcode.app/Contents/Developer/Toolchains/XcodeDefault.xctoolchain/usr/bin
Configured with: --prefix=/Applications/Xcode.app/Contents/Developer/usr --with-gxx-include-dir=/usr/include/c++/4.2.1
configure:5211: $? = 0
configure:5200: g++ -v >&5
Configured with: --prefix=/Applications/Xcode.app/Contents/Developer/usr --with-gxx-include-dir=/usr/include/c++/4.2.1
Apple LLVM version 9.0.0 (clang-900.0.39.2)
Target: x86_64-apple-darwin16.7.0
Thread model: posix
InstalledDir: /Applications/Xcode.app/Contents/Developer/Toolchains/XcodeDefault.xctoolchain/usr/bin
configure:5211: $? = 0
configure:5200: g++ -V >&5
clang: error: argument to '-V' is missing (expected 1 value)
clang: error: no input files
configure:5211: $? = 1
configure:5200: g++ -qversion >&5
clang: error: unknown argument: '-qversion'
clang: error: no input files
configure:5211: $? = 1
configure:5215: checking whether we are using the GNU C++ compiler
configure:5234: g++ -c   conftest.cpp >&5
configure:5234: $? = 0
configure:5243: result: yes
configure:5252: checking whether g++ accepts -g
configure:5272: g++ -c -g  conftest.cpp >&5
configure:5272: $? = 0
configure:5313: result: yes
configure:5338: checking dependency style of g++
configure:5449: result: gcc3
configure:5476: checking dependency style of gcc
configure:5585: result: gcc3
configure:5654: checking for pkg-config
configure:5672: found /usr/local/bin/pkg-config
configure:5684: result: /usr/local/bin/pkg-config
configure:5709: checking pkg-config is at least version 0.9.0
configure:5712: result: yes
configure:5767: checking how to print strings
configure:5794: result: printf
configure:5815: checking for a sed that does not truncate output
configure:5879: result: /usr/bin/sed
configure:5897: checking for grep that handles long lines and -e
configure:5955: result: /usr/bin/grep
configure:5960: checking for egrep
configure:6022: result: /usr/bin/grep -E
configure:6027: checking for fgrep
configure:6089: result: /usr/bin/grep -F
configure:6124: checking for ld used by gcc
configure:6191: result: /Applications/Xcode.app/Contents/Developer/Toolchains/XcodeDefault.xctoolchain/usr/bin/ld
configure:6198: checking if the linker (/Applications/Xcode.app/Contents/Developer/Toolchains/XcodeDefault.xctoolchain/usr/bin/ld) is GNU ld
configure:6213: result: no
configure:6225: checking for BSD- or MS-compatible name lister (nm)
configure:6279: result: /usr/bin/nm -B
configure:6409: checking the name lister (/usr/bin/nm -B) interface
configure:6416: gcc -c   conftest.c >&5
configure:6419: /usr/bin/nm -B "conftest.o"
configure:6422: output
0000000000000000 S _some_variable
configure:6429: result: BSD nm
configure:6432: checking whether ln -s works
configure:6436: result: yes
configure:6444: checking the maximum length of command line arguments
configure:6575: result: 196608
configure:6623: checking how to convert x86_64-apple-darwin16.7.0 file names to x86_64-apple-darwin16.7.0 format
configure:6663: result: func_convert_file_noop
configure:6670: checking how to convert x86_64-apple-darwin16.7.0 file names to toolchain format
configure:6690: result: func_convert_file_noop
configure:6697: checking for /Applications/Xcode.app/Contents/Developer/Toolchains/XcodeDefault.xctoolchain/usr/bin/ld option to reload object files
configure:6704: result: -r
configure:6778: checking for objdump
configure:6794: found /usr/bin/objdump
configure:6805: result: objdump
configure:6834: checking how to recognize dependent libraries
configure:7034: result: pass_all
configure:7119: checking for dlltool
configure:7149: result: no
configure:7176: checking how to associate runtime and link libraries
configure:7203: result: printf %s\n
configure:7264: checking for ar
configure:7280: found /usr/bin/ar
configure:7291: result: ar
configure:7328: checking for archiver @FILE support
configure:7345: gcc -c   conftest.c >&5
configure:7345: $? = 0
configure:7348: ar cru libconftest.a @conftest.lst >&5
ar: @conftest.lst: No such file or directory
configure:7351: $? = 1
configure:7371: result: no
configure:7429: checking for strip
configure:7445: found /usr/bin/strip
configure:7456: result: strip
configure:7528: checking for ranlib
configure:7544: found /usr/bin/ranlib
configure:7555: result: ranlib
configure:7657: checking command to parse /usr/bin/nm -B output from gcc object
configure:7810: gcc -c   conftest.c >&5
configure:7813: $? = 0
configure:7817: /usr/bin/nm -B conftest.o \| sed -n -e 's/^.*[ ]\([BCDEGRST][BCDEGRST]*\)[ ][ ]*\([_A-Za-z][_A-Za-z0-9]*\)$/\1 \2 \2/p' | sed '/ __gnu_lto/d' \> conftest.nm
configure:7820: $? = 0
cannot find nm_test_var in conftest.nm
configure:7810: gcc -c   conftest.c >&5
configure:7813: $? = 0
configure:7817: /usr/bin/nm -B conftest.o \| sed -n -e 's/^.*[ ]\([BCDEGRST][BCDEGRST]*\)[ ][ ]*_\([_A-Za-z][_A-Za-z0-9]*\)$/\1 _\2 \2/p' | sed '/ __gnu_lto/d' \> conftest.nm
configure:7820: $? = 0
configure:7886: gcc -o conftest    conftest.c conftstm.o >&5
configure:7889: $? = 0
configure:7927: result: ok
configure:7974: checking for sysroot
configure:8004: result: no
configure:8011: checking for a working dd
configure:8049: result: /bin/dd
configure:8053: checking how to truncate binary pipes
configure:8068: result: /bin/dd bs=4096 count=1
configure:8397: checking for mt
configure:8427: result: no
configure:8447: checking if : is a manifest tool
configure:8453: : '-?'
configure:8461: result: no
configure:8517: checking for dsymutil
configure:8533: found /usr/bin/dsymutil
configure:8544: result: dsymutil
configure:8609: checking for nmedit
configure:8625: found /usr/bin/nmedit
configure:8636: result: nmedit
configure:8701: checking for lipo
configure:8717: found /usr/bin/lipo
configure:8728: result: lipo
configure:8793: checking for otool
configure:8809: found /usr/bin/otool
configure:8820: result: otool
configure:8885: checking for otool64
configure:8915: result: no
configure:8960: checking for -single_module linker flag
gcc   -o libconftest.dylib -dynamiclib -Wl,-single_module conftest.c
configure:8993: result: yes
configure:8996: checking for -exported_symbols_list linker flag
configure:9016: gcc -o conftest    -Wl,-exported_symbols_list,conftest.sym conftest.c  >&5
configure:9016: $? = 0
configure:9026: result: yes
configure:9029: checking for -force_load linker flag
gcc  -c -o conftest.o conftest.c
ar cru libconftest.a conftest.o
ranlib libconftest.a
gcc   -o conftest conftest.c -Wl,-force_load,./libconftest.a
configure:9061: result: yes
configure:9138: checking how to run the C preprocessor
configure:9169: gcc -E  conftest.c
configure:9169: $? = 0
configure:9183: gcc -E  conftest.c
conftest.c:11:10: fatal error: 'ac_nonexistent.h' file not found
#include <ac_nonexistent.h>
         ^~~~~~~~~~~~~~~~~~
1 error generated.
configure:9183: $? = 1
configure: failed program was:
| /* confdefs.h */
| #define PACKAGE_NAME "aircrack-ng"
| #define PACKAGE_TARNAME "aircrack-ng"
| #define PACKAGE_VERSION "1.5.2"
| #define PACKAGE_STRING "aircrack-ng 1.5.2"
| #define PACKAGE_BUGREPORT "https://forum.aircrack-ng.org"
| #define PACKAGE_URL ""
| #define PACKAGE "aircrack-ng"
| #define VERSION "1.5.2"
| /* end confdefs.h.  */
| #include <ac_nonexistent.h>
configure:9208: result: gcc -E
configure:9228: gcc -E  conftest.c
configure:9228: $? = 0
configure:9242: gcc -E  conftest.c
conftest.c:11:10: fatal error: 'ac_nonexistent.h' file not found
#include <ac_nonexistent.h>
         ^~~~~~~~~~~~~~~~~~
1 error generated.
configure:9242: $? = 1
configure: failed program was:
| /* confdefs.h */
| #define PACKAGE_NAME "aircrack-ng"
| #define PACKAGE_TARNAME "aircrack-ng"
| #define PACKAGE_VERSION "1.5.2"
| #define PACKAGE_STRING "aircrack-ng 1.5.2"
| #define PACKAGE_BUGREPORT "https://forum.aircrack-ng.org"
| #define PACKAGE_URL ""
| #define PACKAGE "aircrack-ng"
| #define VERSION "1.5.2"
| /* end confdefs.h.  */
| #include <ac_nonexistent.h>
configure:9271: checking for ANSI C header files
configure:9291: gcc -c   conftest.c >&5
configure:9291: $? = 0
configure:9364: gcc -o conftest    conftest.c  >&5
configure:9364: $? = 0
configure:9364: ./conftest
configure:9364: $? = 0
configure:9375: result: yes
configure:9388: checking for sys/types.h
configure:9388: gcc -c   conftest.c >&5
configure:9388: $? = 0
configure:9388: result: yes
configure:9388: checking for sys/stat.h
configure:9388: gcc -c   conftest.c >&5
configure:9388: $? = 0
configure:9388: result: yes
configure:9388: checking for stdlib.h
configure:9388: gcc -c   conftest.c >&5
configure:9388: $? = 0
configure:9388: result: yes
configure:9388: checking for string.h
configure:9388: gcc -c   conftest.c >&5
configure:9388: $? = 0
configure:9388: result: yes
configure:9388: checking for memory.h
configure:9388: gcc -c   conftest.c >&5
configure:9388: $? = 0
configure:9388: result: yes
configure:9388: checking for strings.h
configure:9388: gcc -c   conftest.c >&5
configure:9388: $? = 0
configure:9388: result: yes
configure:9388: checking for inttypes.h
configure:9388: gcc -c   conftest.c >&5
configure:9388: $? = 0
configure:9388: result: yes
configure:9388: checking for stdint.h
configure:9388: gcc -c   conftest.c >&5
configure:9388: $? = 0
configure:9388: result: yes
configure:9388: checking for unistd.h
configure:9388: gcc -c   conftest.c >&5
configure:9388: $? = 0
configure:9388: result: yes
configure:9402: checking for dlfcn.h
configure:9402: gcc -c   conftest.c >&5
configure:9402: $? = 0
configure:9402: result: yes
configure:9965: checking for objdir
configure:9980: result: .libs
configure:10244: checking if gcc supports -fno-rtti -fno-exceptions
configure:10262: gcc -c   -fno-rtti -fno-exceptions conftest.c >&5
configure:10266: $? = 0
configure:10279: result: yes
configure:10637: checking for gcc option to produce PIC
configure:10644: result: -fno-common -DPIC
configure:10652: checking if gcc PIC flag -fno-common -DPIC works
configure:10670: gcc -c   -fno-common -DPIC -DPIC conftest.c >&5
configure:10674: $? = 0
configure:10687: result: yes
configure:10716: checking if gcc static flag -static works
configure:10744: result: no
configure:10759: checking if gcc supports -c -o file.o
configure:10780: gcc -c   -o out/conftest2.o conftest.c >&5
configure:10784: $? = 0
configure:10806: result: yes
configure:10814: checking if gcc supports -c -o file.o
configure:10861: result: yes
configure:10894: checking whether the gcc linker (/Applications/Xcode.app/Contents/Developer/Toolchains/XcodeDefault.xctoolchain/usr/bin/ld) supports shared libraries
configure:12153: result: yes
configure:12393: checking dynamic linker characteristics
configure:13211: result: darwin16.7.0 dyld
configure:13333: checking how to hardcode library paths into programs
configure:13358: result: immediate
configure:13906: checking whether stripping libraries is possible
configure:13920: result: yes
configure:13946: checking if libtool supports shared libraries
configure:13948: result: yes
configure:13951: checking whether to build shared libraries
configure:13976: result: yes
configure:13979: checking whether to build static libraries
configure:13983: result: no
configure:14006: checking how to run the C++ preprocessor
configure:14033: g++ -E  conftest.cpp
configure:14033: $? = 0
configure:14047: g++ -E  conftest.cpp
conftest.cpp:23:10: fatal error: 'ac_nonexistent.h' file not found
#include <ac_nonexistent.h>
         ^~~~~~~~~~~~~~~~~~
1 error generated.
configure:14047: $? = 1
configure: failed program was:
| /* confdefs.h */
| #define PACKAGE_NAME "aircrack-ng"
| #define PACKAGE_TARNAME "aircrack-ng"
| #define PACKAGE_VERSION "1.5.2"
| #define PACKAGE_STRING "aircrack-ng 1.5.2"
| #define PACKAGE_BUGREPORT "https://forum.aircrack-ng.org"
| #define PACKAGE_URL ""
| #define PACKAGE "aircrack-ng"
| #define VERSION "1.5.2"
| #define STDC_HEADERS 1
| #define HAVE_SYS_TYPES_H 1
| #define HAVE_SYS_STAT_H 1
| #define HAVE_STDLIB_H 1
| #define HAVE_STRING_H 1
| #define HAVE_MEMORY_H 1
| #define HAVE_STRINGS_H 1
| #define HAVE_INTTYPES_H 1
| #define HAVE_STDINT_H 1
| #define HAVE_UNISTD_H 1
| #define HAVE_DLFCN_H 1
| #define LT_OBJDIR ".libs/"
| /* end confdefs.h.  */
| #include <ac_nonexistent.h>
configure:14072: result: g++ -E
configure:14092: g++ -E  conftest.cpp
configure:14092: $? = 0
configure:14106: g++ -E  conftest.cpp
conftest.cpp:23:10: fatal error: 'ac_nonexistent.h' file not found
#include <ac_nonexistent.h>
         ^~~~~~~~~~~~~~~~~~
1 error generated.
configure:14106: $? = 1
configure: failed program was:
| /* confdefs.h */
| #define PACKAGE_NAME "aircrack-ng"
| #define PACKAGE_TARNAME "aircrack-ng"
| #define PACKAGE_VERSION "1.5.2"
| #define PACKAGE_STRING "aircrack-ng 1.5.2"
| #define PACKAGE_BUGREPORT "https://forum.aircrack-ng.org"
| #define PACKAGE_URL ""
| #define PACKAGE "aircrack-ng"
| #define VERSION "1.5.2"
| #define STDC_HEADERS 1
| #define HAVE_SYS_TYPES_H 1
| #define HAVE_SYS_STAT_H 1
| #define HAVE_STDLIB_H 1
| #define HAVE_STRING_H 1
| #define HAVE_MEMORY_H 1
| #define HAVE_STRINGS_H 1
| #define HAVE_INTTYPES_H 1
| #define HAVE_STDINT_H 1
| #define HAVE_UNISTD_H 1
| #define HAVE_DLFCN_H 1
| #define LT_OBJDIR ".libs/"
| /* end confdefs.h.  */
| #include <ac_nonexistent.h>
configure:14268: checking for ld used by g++
configure:14335: result: /Applications/Xcode.app/Contents/Developer/Toolchains/XcodeDefault.xctoolchain/usr/bin/ld
configure:14342: checking if the linker (/Applications/Xcode.app/Contents/Developer/Toolchains/XcodeDefault.xctoolchain/usr/bin/ld) is GNU ld
configure:14357: result: no
configure:14412: checking whether the g++ linker (/Applications/Xcode.app/Contents/Developer/Toolchains/XcodeDefault.xctoolchain/usr/bin/ld) supports shared libraries
configure:15485: result: yes
configure:15521: g++ -c   conftest.cpp >&5
configure:15524: $? = 0
configure:16005: checking for g++ option to produce PIC
configure:16012: result: -fno-common -DPIC
configure:16020: checking if g++ PIC flag -fno-common -DPIC works
configure:16038: g++ -c   -fno-common -DPIC -DPIC conftest.cpp >&5
configure:16042: $? = 0
configure:16055: result: yes
configure:16078: checking if g++ static flag -static works
configure:16106: result: no
configure:16118: checking if g++ supports -c -o file.o
configure:16139: g++ -c   -o out/conftest2.o conftest.cpp >&5
configure:16143: $? = 0
configure:16165: result: yes
configure:16170: checking if g++ supports -c -o file.o
configure:16217: result: yes
configure:16247: checking whether the g++ linker (/Applications/Xcode.app/Contents/Developer/Toolchains/XcodeDefault.xctoolchain/usr/bin/ld) supports shared libraries
configure:16287: result: yes
configure:16428: checking dynamic linker characteristics
configure:17173: result: darwin16.7.0 dyld
configure:17238: checking how to hardcode library paths into programs
configure:17263: result: immediate
configure:17345: checking for brew
configure:17361: found /usr/local/bin/brew
configure:17372: result: /usr/local/bin/brew
configure:17399: checking for /usr/local/Homebrew
configure:17412: result: yes
configure:17419: checking for /opt/local/include
configure:17432: result: no
configure:17469: checking for /Applications/Xcode.app/Contents/Developer/Toolchains/XcodeDefault.xctoolchain/usr/lib/swift-migrator/sdk/MacOSX.sdk/usr/include
configure:17482: result: no
configure:17712: checking Default static library search path
configure:17741: result:  		/Applications/Xcode.app/Contents/Developer/Toolchains/XcodeDefault.xctoolchain/usr/lib/clang/9.0.0 		/opt/lib/x86_64-apple-darwin16.7.0 		/opt/lib 		/usr/local/lib/x86_64-apple-darwin16.7.0 		/usr/local/lib 		/usr/lib/x86_64-apple-darwin16.7.0 		/usr/lib 		/lib 		/opt/lib/x86_64-apple-darwin16.7.0 		/opt/lib 	
configure:17942: checking for OPENSSL_init in -lcrypto
configure:17967: gcc -o conftest  -I/usr/local/opt/openssl/include  -I/usr/local/opt/openssl/include -I/usr/local/include  -L/usr/local/opt/openssl/lib conftest.c -lcrypto   >&5
configure:17967: $? = 0
configure:17976: result: yes
configure:17985: checking openssl/crypto.h usability
configure:17985: gcc -c  -I/usr/local/opt/openssl/include  -I/usr/local/opt/openssl/include -I/usr/local/include conftest.c >&5
configure:17985: $? = 0
configure:17985: result: yes
configure:17985: checking openssl/crypto.h presence
configure:17985: gcc -E  -I/usr/local/opt/openssl/include -I/usr/local/include conftest.c
configure:17985: $? = 0
configure:17985: result: yes
configure:17985: checking for openssl/crypto.h
configure:17985: result: yes
configure:18415: checking whether gcrypt is enabled
configure:18427: result: 
configure:19061: checking for OpenSSL or libgcrypt
configure:19072: result: OpenSSL
configure:19081: checking openssl/cmac.h usability
configure:19081: gcc -c  -I/usr/local/opt/openssl/include  -I/usr/local/opt/openssl/include -I/usr/local/include conftest.c >&5
configure:19081: $? = 0
configure:19081: result: yes
configure:19081: checking openssl/cmac.h presence
configure:19081: gcc -E  -I/usr/local/opt/openssl/include -I/usr/local/include conftest.c
configure:19081: $? = 0
configure:19081: result: yes
configure:19081: checking for openssl/cmac.h
configure:19081: result: yes
configure:21803: checking for python
configure:21819: found /usr/local/bin/python
configure:21830: result: python
configure:21861: checking for greadlink
configure:21877: found /usr/local/bin/greadlink
configure:21888: result: greadlink
configure:22238: checking for hwloc
configure:22245: $PKG_CONFIG --exists --print-errors "hwloc"
Package hwloc was not found in the pkg-config search path.
Perhaps you should add the directory containing `hwloc.pc'
to the PKG_CONFIG_PATH environment variable
No package 'hwloc' found
configure:22248: $? = 1
configure:22262: $PKG_CONFIG --exists --print-errors "hwloc"
Package hwloc was not found in the pkg-config search path.
Perhaps you should add the directory containing `hwloc.pc'
to the PKG_CONFIG_PATH environment variable
No package 'hwloc' found
configure:22265: $? = 1
configure:22279: result: no
No package 'hwloc' found
configure:22361: checking pcap header directories
configure:22377: result: /usr/include/pcap
configure:22389: checking pcap.h usability
configure:22389: gcc -c   -I/usr/local/opt/openssl/include  -I/usr/local/opt/openssl/include -I/usr/local/include conftest.c >&5
configure:22389: $? = 0
configure:22389: result: yes
configure:22389: checking pcap.h presence
configure:22389: gcc -E  -I/usr/local/opt/openssl/include -I/usr/local/include conftest.c
configure:22389: $? = 0
configure:22389: result: yes
configure:22389: checking for pcap.h
configure:22389: result: yes
configure:22514: checking for pcap_open_live in -lpcap
configure:22539: gcc -o conftest  -I/usr/local/opt/openssl/include  -I/usr/local/opt/openssl/include -I/usr/local/include  -L/usr/local/opt/openssl/lib conftest.c -lpcap   >&5
configure:22539: $? = 0
configure:22548: result: yes
configure:22685: checking for libpcre
configure:22692: $PKG_CONFIG --exists --print-errors "libpcre"
configure:22695: $? = 0
configure:22709: $PKG_CONFIG --exists --print-errors "libpcre"
configure:22712: $? = 0
configure:22750: result: yes
configure:22768: checking for rfkill
configure:22798: result: no
configure:22953: checking for SQLite3 header
configure:22968: result: found; /usr/include/sqlite3.h
configure:22996: checking sqlite3.h usability
configure:22996: gcc -c  -I/usr/local/opt/openssl/include  -I/usr/local/opt/openssl/include -I/usr/local/include -I/usr/include conftest.c >&5
configure:22996: $? = 0
configure:22996: result: yes
configure:22996: checking sqlite3.h presence
configure:22996: gcc -E  -I/usr/local/opt/openssl/include -I/usr/local/include -I/usr/include conftest.c
configure:22996: $? = 0
configure:22996: result: yes
configure:22996: checking for sqlite3.h
configure:22996: result: yes
configure:23011: checking for sqlite3_open in -lsqlite3
configure:23036: gcc -o conftest  -I/usr/local/opt/openssl/include  -I/usr/local/opt/openssl/include -I/usr/local/include -I/usr/include  -L/usr/local/opt/openssl/lib -L/usr/lib -lsqlite3 conftest.c -lsqlite3   >&5
configure:23036: $? = 0
configure:23045: result: yes
configure:23058: checking for SQLite3 library version >= 3.0.0
configure:23081: gcc -c  -I/usr/local/opt/openssl/include  -I/usr/local/opt/openssl/include -I/usr/local/include -I/usr/include conftest.c >&5
configure:23081: $? = 0
configure:23083: result: yes
configure:23160: checking for zlib
configure:23167: $PKG_CONFIG --exists --print-errors "zlib"
configure:23170: $? = 0
configure:23184: $PKG_CONFIG --exists --print-errors "zlib"
configure:23187: $? = 0
configure:23225: result: yes
configure:23237: checking for cmocka
configure:23244: $PKG_CONFIG --exists --print-errors "cmocka"
Package cmocka was not found in the pkg-config search path.
Perhaps you should add the directory containing `cmocka.pc'
to the PKG_CONFIG_PATH environment variable
No package 'cmocka' found
configure:23247: $? = 1
configure:23261: $PKG_CONFIG --exists --print-errors "cmocka"
Package cmocka was not found in the pkg-config search path.
Perhaps you should add the directory containing `cmocka.pc'
to the PKG_CONFIG_PATH environment variable
No package 'cmocka' found
configure:23264: $? = 1
configure:23278: result: no
No package 'cmocka' found
configure:23324: checking for special C compiler options needed for large files
configure:23369: result: no
configure:23375: checking for _FILE_OFFSET_BITS value needed for large files
configure:23400: gcc -c  -I/usr/local/opt/openssl/include  -I/usr/local/opt/openssl/include -I/usr/local/include conftest.c >&5
configure:23400: $? = 0
configure:23432: result: no
configure:23525: checking whether to add -D_FORTIFY_SOURCE=2 to CPPFLAGS
configure:23541: gcc -o conftest  -I/usr/local/opt/openssl/include  -I/usr/local/opt/openssl/include -I/usr/local/include -D_FILE_OFFSET_BITS=64 -D_LARGEFILE64_SOURCE  -L/usr/local/opt/openssl/lib conftest.c  >&5
configure:23541: $? = 0
configure:23543: result: yes
configure:23741: checking whether gcc is Clang
configure:23766: result: yes
configure:23813: checking whether Clang needs flag to prevent "argument unused" warning when linking with -pthread
configure:23838: gcc -o conftest -Werror -Wunknown-warning-option  -pthread  -I/usr/local/opt/openssl/include  -I/usr/local/opt/openssl/include -I/usr/local/include -D_FILE_OFFSET_BITS=64 -D_LARGEFILE64_SOURCE -D_FORTIFY_SOURCE=2  -L/usr/local/opt/openssl/lib conftest.c  >&5
configure:23838: $? = 0
configure:23844: (gcc -c -Werror -Wunknown-warning-option  -pthread  -I/usr/local/opt/openssl/include  -I/usr/local/opt/openssl/include -I/usr/local/include -D_FILE_OFFSET_BITS=64 -D_LARGEFILE64_SOURCE -D_FORTIFY_SOURCE=2 conftest.c >&5) && (echo ==== >&5) && (gcc -o conftest -Werror -Wunknown-warning-option  -pthread  -I/usr/local/opt/openssl/include  -I/usr/local/opt/openssl/include -I/usr/local/include -D_FILE_OFFSET_BITS=64 -D_LARGEFILE64_SOURCE -D_FORTIFY_SOURCE=2  -L/usr/local/opt/openssl/lib conftest.o  >&5)
====
clang: error: argument unused during compilation: '-pthread' [-Werror,-Wunused-command-line-argument]
configure:23844: $? = 1
configure: failed program was:
| /* confdefs.h */
| #define PACKAGE_NAME "aircrack-ng"
| #define PACKAGE_TARNAME "aircrack-ng"
| #define PACKAGE_VERSION "1.5.2"
| #define PACKAGE_STRING "aircrack-ng 1.5.2"
| #define PACKAGE_BUGREPORT "https://forum.aircrack-ng.org"
| #define PACKAGE_URL ""
| #define PACKAGE "aircrack-ng"
| #define VERSION "1.5.2"
| #define STDC_HEADERS 1
| #define HAVE_SYS_TYPES_H 1
| #define HAVE_SYS_STAT_H 1
| #define HAVE_STDLIB_H 1
| #define HAVE_STRING_H 1
| #define HAVE_MEMORY_H 1
| #define HAVE_STRINGS_H 1
| #define HAVE_INTTYPES_H 1
| #define HAVE_STDINT_H 1
| #define HAVE_UNISTD_H 1
| #define HAVE_DLFCN_H 1
| #define LT_OBJDIR ".libs/"
| #define _REVISION "1.5.2"
| #define HAVE_OPENSSL_CRYPTO_H 1
| #define HAVE_OPENSSL_CMAC_H 1
| #define HAVE_OPENSSL_CMAC_H 1
| #define HAVE_PCAP_H 1
| #define HAVE_PCAP 1
| #define HAVE_PCRE 1
| #define HAVE_SQLITE3_H 1
| #define HAVE_SQLITE3 1
| #define HAVE_SQLITE 1
| #define HAVE_ZLIB 1
| /* end confdefs.h.  */
| int main(void){return 0;}
configure:23838: gcc -o conftest -Werror -Wunknown-warning-option -Qunused-arguments -pthread  -I/usr/local/opt/openssl/include  -I/usr/local/opt/openssl/include -I/usr/local/include -D_FILE_OFFSET_BITS=64 -D_LARGEFILE64_SOURCE -D_FORTIFY_SOURCE=2  -L/usr/local/opt/openssl/lib conftest.c  >&5
configure:23838: $? = 0
configure:23844: (gcc -c -Werror -Wunknown-warning-option -Qunused-arguments -pthread  -I/usr/local/opt/openssl/include  -I/usr/local/opt/openssl/include -I/usr/local/include -D_FILE_OFFSET_BITS=64 -D_LARGEFILE64_SOURCE -D_FORTIFY_SOURCE=2 conftest.c >&5) && (echo ==== >&5) && (gcc -o conftest -Werror -Wunknown-warning-option -Qunused-arguments -pthread  -I/usr/local/opt/openssl/include  -I/usr/local/opt/openssl/include -I/usr/local/include -D_FILE_OFFSET_BITS=64 -D_LARGEFILE64_SOURCE -D_FORTIFY_SOURCE=2  -L/usr/local/opt/openssl/lib conftest.o  >&5)
====
configure:23844: $? = 0
configure:23862: result: -Qunused-arguments
configure:24011: checking for joinable pthread attribute
configure:24029: gcc -o conftest  -I/usr/local/opt/openssl/include -Qunused-arguments -pthread  -I/usr/local/opt/openssl/include -I/usr/local/include -D_FILE_OFFSET_BITS=64 -D_LARGEFILE64_SOURCE -D_FORTIFY_SOURCE=2  -L/usr/local/opt/openssl/lib conftest.c   >&5
configure:24029: $? = 0
configure:24037: result: PTHREAD_CREATE_JOINABLE
configure:24051: checking whether more special flags are required for pthreads
configure:24064: result: no
configure:24072: checking for PTHREAD_PRIO_INHERIT
configure:24088: gcc -o conftest  -I/usr/local/opt/openssl/include -Qunused-arguments -pthread  -I/usr/local/opt/openssl/include -I/usr/local/include -D_FILE_OFFSET_BITS=64 -D_LARGEFILE64_SOURCE -D_FORTIFY_SOURCE=2  -L/usr/local/opt/openssl/lib conftest.c   >&5
configure:24088: $? = 0
configure:24097: result: yes
configure:24185: checking for pthread_create in -lpthread
configure:24210: gcc -o conftest  -I/usr/local/opt/openssl/include  -I/usr/local/opt/openssl/include -I/usr/local/include -D_FILE_OFFSET_BITS=64 -D_LARGEFILE64_SOURCE -D_FORTIFY_SOURCE=2  -L/usr/local/opt/openssl/lib conftest.c -lpthread   >&5
configure:24210: $? = 0
configure:24219: result: yes
configure:24241: checking for pthread_setaffinity_np
configure:24276: gcc -o conftest  -I/usr/local/opt/openssl/include -pthread  -I/usr/local/opt/openssl/include -I/usr/local/include -D_FILE_OFFSET_BITS=64 -D_LARGEFILE64_SOURCE -D_FORTIFY_SOURCE=2  -L/usr/local/opt/openssl/lib -lpthread -pthread conftest.c  >&5
conftest.c:45:6: error: use of undeclared identifier 'cpu_set_t'
                cpu_set_t cpuset;
                ^
conftest.c:47:6: warning: implicit declaration of function 'pthread_getaffinity_np' is invalid in C99 [-Wimplicit-function-declaration]
                pthread_getaffinity_np (pthread_self (), sizeof (cpu_set_t), &cpuset);
                ^
conftest.c:47:55: error: use of undeclared identifier 'cpu_set_t'
                pthread_getaffinity_np (pthread_self (), sizeof (cpu_set_t), &cpuset);
                                                                 ^
conftest.c:47:68: error: use of undeclared identifier 'cpuset'
                pthread_getaffinity_np (pthread_self (), sizeof (cpu_set_t), &cpuset);
                                                                              ^
conftest.c:48:10: warning: implicit declaration of function 'CPU_ISSET' is invalid in C99 [-Wimplicit-function-declaration]
                if (CPU_ISSET (0, &cpuset))
                    ^
conftest.c:48:25: error: use of undeclared identifier 'cpuset'
                if (CPU_ISSET (0, &cpuset))
                                   ^
conftest.c:49:8: warning: implicit declaration of function 'CPU_SET' is invalid in C99 [-Wimplicit-function-declaration]
                CPU_SET (1, &cpuset);
                ^
conftest.c:49:21: error: use of undeclared identifier 'cpuset'
                CPU_SET (1, &cpuset);
                             ^
conftest.c:51:8: warning: implicit declaration of function 'CPU_ZERO' is invalid in C99 [-Wimplicit-function-declaration]
                CPU_ZERO (&cpuset);
                ^
conftest.c:51:19: error: use of undeclared identifier 'cpuset'
                CPU_ZERO (&cpuset);
                           ^
conftest.c:52:6: warning: implicit declaration of function 'pthread_setaffinity_np' is invalid in C99 [-Wimplicit-function-declaration]
                pthread_setaffinity_np (pthread_self (), sizeof (cpu_set_t), &cpuset);
                ^
conftest.c:52:55: error: use of undeclared identifier 'cpu_set_t'
                pthread_setaffinity_np (pthread_self (), sizeof (cpu_set_t), &cpuset);
                                                                 ^
conftest.c:52:68: error: use of undeclared identifier 'cpuset'
                pthread_setaffinity_np (pthread_self (), sizeof (cpu_set_t), &cpuset);
                                                                              ^
conftest.c:54:6: warning: implicit declaration of function 'pthread_attr_getaffinity_np' is invalid in C99 [-Wimplicit-function-declaration]
                pthread_attr_getaffinity_np (&attr, sizeof (cpu_set_t), &cpuset);
                ^
conftest.c:54:50: error: use of undeclared identifier 'cpu_set_t'
                pthread_attr_getaffinity_np (&attr, sizeof (cpu_set_t), &cpuset);
                                                            ^
conftest.c:54:63: error: use of undeclared identifier 'cpuset'
                pthread_attr_getaffinity_np (&attr, sizeof (cpu_set_t), &cpuset);
                                                                         ^
conftest.c:55:6: warning: implicit declaration of function 'pthread_attr_setaffinity_np' is invalid in C99 [-Wimplicit-function-declaration]
                pthread_attr_setaffinity_np (&attr, sizeof (cpu_set_t), &cpuset);
                ^
conftest.c:55:50: error: use of undeclared identifier 'cpu_set_t'
                pthread_attr_setaffinity_np (&attr, sizeof (cpu_set_t), &cpuset);
                                                            ^
conftest.c:55:63: error: use of undeclared identifier 'cpuset'
                pthread_attr_setaffinity_np (&attr, sizeof (cpu_set_t), &cpuset);
                                                                         ^
7 warnings and 12 errors generated.
configure:24276: $? = 1
configure: failed program was:
| /* confdefs.h */
| #define PACKAGE_NAME "aircrack-ng"
| #define PACKAGE_TARNAME "aircrack-ng"
| #define PACKAGE_VERSION "1.5.2"
| #define PACKAGE_STRING "aircrack-ng 1.5.2"
| #define PACKAGE_BUGREPORT "https://forum.aircrack-ng.org"
| #define PACKAGE_URL ""
| #define PACKAGE "aircrack-ng"
| #define VERSION "1.5.2"
| #define STDC_HEADERS 1
| #define HAVE_SYS_TYPES_H 1
| #define HAVE_SYS_STAT_H 1
| #define HAVE_STDLIB_H 1
| #define HAVE_STRING_H 1
| #define HAVE_MEMORY_H 1
| #define HAVE_STRINGS_H 1
| #define HAVE_INTTYPES_H 1
| #define HAVE_STDINT_H 1
| #define HAVE_UNISTD_H 1
| #define HAVE_DLFCN_H 1
| #define LT_OBJDIR ".libs/"
| #define _REVISION "1.5.2"
| #define HAVE_OPENSSL_CRYPTO_H 1
| #define HAVE_OPENSSL_CMAC_H 1
| #define HAVE_OPENSSL_CMAC_H 1
| #define HAVE_PCAP_H 1
| #define HAVE_PCAP 1
| #define HAVE_PCRE 1
| #define HAVE_SQLITE3_H 1
| #define HAVE_SQLITE3 1
| #define HAVE_SQLITE 1
| #define HAVE_ZLIB 1
| #define HAVE_PTHREAD_PRIO_INHERIT 1
| #define _REENTRANT 1
| /* end confdefs.h.  */
| 
| 
| 		#define _GNU_SOURCE
|    		#include <pthread.h>
| 
| int
| main ()
| {
| 
|    		cpu_set_t cpuset;
|    		pthread_attr_t attr;
|    		pthread_getaffinity_np (pthread_self (), sizeof (cpu_set_t), &cpuset);
|    		if (CPU_ISSET (0, &cpuset))
|      		CPU_SET (1, &cpuset);
|    		else
|      		CPU_ZERO (&cpuset);
|    		pthread_setaffinity_np (pthread_self (), sizeof (cpu_set_t), &cpuset);
|    		pthread_attr_init (&attr);
|    		pthread_attr_getaffinity_np (&attr, sizeof (cpu_set_t), &cpuset);
|    		pthread_attr_setaffinity_np (&attr, sizeof (cpu_set_t), &cpuset);
| 
|   ;
|   return 0;
| }
| 
configure:24286: result: no
configure:24297: checking for library containing gethostbyname
configure:24328: gcc -o conftest  -I/usr/local/opt/openssl/include  -I/usr/local/opt/openssl/include -I/usr/local/include -D_FILE_OFFSET_BITS=64 -D_LARGEFILE64_SOURCE -D_FORTIFY_SOURCE=2  -L/usr/local/opt/openssl/lib conftest.c  >&5
configure:24328: $? = 0
configure:24345: result: none required
configure:24353: checking for library containing socket
configure:24384: gcc -o conftest  -I/usr/local/opt/openssl/include  -I/usr/local/opt/openssl/include -I/usr/local/include -D_FILE_OFFSET_BITS=64 -D_LARGEFILE64_SOURCE -D_FORTIFY_SOURCE=2  -L/usr/local/opt/openssl/lib conftest.c  >&5
configure:24384: $? = 0
configure:24401: result: none required
configure:24452: checking for dlopen in -ldl
configure:24477: gcc -o conftest  -I/usr/local/opt/openssl/include  -I/usr/local/opt/openssl/include -I/usr/local/include -D_FILE_OFFSET_BITS=64 -D_LARGEFILE64_SOURCE -D_FORTIFY_SOURCE=2  -L/usr/local/opt/openssl/lib conftest.c -ldl   >&5
configure:24477: $? = 0
configure:24486: result: yes
configure:24494: checking for sin in -lm
configure:24519: gcc -o conftest  -I/usr/local/opt/openssl/include  -I/usr/local/opt/openssl/include -I/usr/local/include -D_FILE_OFFSET_BITS=64 -D_LARGEFILE64_SOURCE -D_FORTIFY_SOURCE=2  -L/usr/local/opt/openssl/lib conftest.c -lm   -ldl >&5
conftest.c:43:6: warning: incompatible redeclaration of library function 'sin' [-Wincompatible-library-redeclaration]
char sin ();
     ^
conftest.c:43:6: note: 'sin' is a builtin with type 'double (double)'
1 warning generated.
configure:24519: $? = 0
configure:24528: result: yes
configure:24541: checking for posix_memalign
configure:24541: gcc -o conftest   -I/usr/local/opt/openssl/include -I/usr/local/include -D_FILE_OFFSET_BITS=64 -D_LARGEFILE64_SOURCE -D_FORTIFY_SOURCE=2  -L/usr/local/opt/openssl/lib conftest.c  -ldl -lm >&5
configure:24541: $? = 0
configure:24541: result: yes
configure:24576: checking whether to build with code coverage support
configure:24596: result: no
configure:24997: : opt_cppflags="$opt_cppflags"
configure:25000: $? = 0
configure:25029: : opt_cflags="$opt_cflags"
configure:25032: $? = 0
configure:25061: : opt_cxxflags="$opt_cxxflags"
configure:25064: $? = 0
configure:25093: : opt_libs="$opt_libs"
configure:25096: $? = 0
configure:25120: checking for valgrind
configure:25136: found /usr/local/bin/valgrind
configure:25147: result: valgrind
configure:25194: checking for Valgrind tool memcheck
configure:25208: result: memcheck
configure:25216: checking for Valgrind tool helgrind
configure:25230: result: helgrind
configure:25238: checking for Valgrind tool drd
configure:25252: result: drd
configure:25260: checking for Valgrind tool exp-sgcheck
configure:25274: result: 
configure:25439: checking for C compiler vendor
configure:25486: gcc -c  -I/usr/local/opt/openssl/include  -I/usr/local/opt/openssl/include -I/usr/local/include -D_FILE_OFFSET_BITS=64 -D_LARGEFILE64_SOURCE -D_FORTIFY_SOURCE=2 conftest.c >&5
conftest.c:43:9: error: use of undeclared identifier 'thisisanerror'
        thisisanerror;
        ^
1 error generated.
configure:25486: $? = 1
configure: failed program was:
| /* confdefs.h */
| #define PACKAGE_NAME "aircrack-ng"
| #define PACKAGE_TARNAME "aircrack-ng"
| #define PACKAGE_VERSION "1.5.2"
| #define PACKAGE_STRING "aircrack-ng 1.5.2"
| #define PACKAGE_BUGREPORT "https://forum.aircrack-ng.org"
| #define PACKAGE_URL ""
| #define PACKAGE "aircrack-ng"
| #define VERSION "1.5.2"
| #define STDC_HEADERS 1
| #define HAVE_SYS_TYPES_H 1
| #define HAVE_SYS_STAT_H 1
| #define HAVE_STDLIB_H 1
| #define HAVE_STRING_H 1
| #define HAVE_MEMORY_H 1
| #define HAVE_STRINGS_H 1
| #define HAVE_INTTYPES_H 1
| #define HAVE_STDINT_H 1
| #define HAVE_UNISTD_H 1
| #define HAVE_DLFCN_H 1
| #define LT_OBJDIR ".libs/"
| #define _REVISION "1.5.2"
| #define HAVE_OPENSSL_CRYPTO_H 1
| #define HAVE_OPENSSL_CMAC_H 1
| #define HAVE_OPENSSL_CMAC_H 1
| #define HAVE_PCAP_H 1
| #define HAVE_PCAP 1
| #define HAVE_PCRE 1
| #define HAVE_SQLITE3_H 1
| #define HAVE_SQLITE3 1
| #define HAVE_SQLITE 1
| #define HAVE_ZLIB 1
| #define HAVE_PTHREAD_PRIO_INHERIT 1
| #define _REENTRANT 1
| #define HAVE_POSIX_MEMALIGN 1
| /* end confdefs.h.  */
| 
| int
| main ()
| {
| 
|       #if !(defined(__ICC) || defined(__ECC) || defined(__INTEL_COMPILER))
|         thisisanerror;
|       #endif
| 
|   ;
|   return 0;
| }
configure:25486: gcc -c  -I/usr/local/opt/openssl/include  -I/usr/local/opt/openssl/include -I/usr/local/include -D_FILE_OFFSET_BITS=64 -D_LARGEFILE64_SOURCE -D_FORTIFY_SOURCE=2 conftest.c >&5
conftest.c:43:9: error: use of undeclared identifier 'thisisanerror'
        thisisanerror;
        ^
1 error generated.
configure:25486: $? = 1
configure: failed program was:
| /* confdefs.h */
| #define PACKAGE_NAME "aircrack-ng"
| #define PACKAGE_TARNAME "aircrack-ng"
| #define PACKAGE_VERSION "1.5.2"
| #define PACKAGE_STRING "aircrack-ng 1.5.2"
| #define PACKAGE_BUGREPORT "https://forum.aircrack-ng.org"
| #define PACKAGE_URL ""
| #define PACKAGE "aircrack-ng"
| #define VERSION "1.5.2"
| #define STDC_HEADERS 1
| #define HAVE_SYS_TYPES_H 1
| #define HAVE_SYS_STAT_H 1
| #define HAVE_STDLIB_H 1
| #define HAVE_STRING_H 1
| #define HAVE_MEMORY_H 1
| #define HAVE_STRINGS_H 1
| #define HAVE_INTTYPES_H 1
| #define HAVE_STDINT_H 1
| #define HAVE_UNISTD_H 1
| #define HAVE_DLFCN_H 1
| #define LT_OBJDIR ".libs/"
| #define _REVISION "1.5.2"
| #define HAVE_OPENSSL_CRYPTO_H 1
| #define HAVE_OPENSSL_CMAC_H 1
| #define HAVE_OPENSSL_CMAC_H 1
| #define HAVE_PCAP_H 1
| #define HAVE_PCAP 1
| #define HAVE_PCRE 1
| #define HAVE_SQLITE3_H 1
| #define HAVE_SQLITE3 1
| #define HAVE_SQLITE 1
| #define HAVE_ZLIB 1
| #define HAVE_PTHREAD_PRIO_INHERIT 1
| #define _REENTRANT 1
| #define HAVE_POSIX_MEMALIGN 1
| /* end confdefs.h.  */
| 
| int
| main ()
| {
| 
|       #if !(defined(__xlc__) || defined(__xlC__) || defined(__IBMC__) || defined(__IBMCPP__))
|         thisisanerror;
|       #endif
| 
|   ;
|   return 0;
| }
configure:25486: gcc -c  -I/usr/local/opt/openssl/include  -I/usr/local/opt/openssl/include -I/usr/local/include -D_FILE_OFFSET_BITS=64 -D_LARGEFILE64_SOURCE -D_FORTIFY_SOURCE=2 conftest.c >&5
conftest.c:43:9: error: use of undeclared identifier 'thisisanerror'
        thisisanerror;
        ^
1 error generated.
configure:25486: $? = 1
configure: failed program was:
| /* confdefs.h */
| #define PACKAGE_NAME "aircrack-ng"
| #define PACKAGE_TARNAME "aircrack-ng"
| #define PACKAGE_VERSION "1.5.2"
| #define PACKAGE_STRING "aircrack-ng 1.5.2"
| #define PACKAGE_BUGREPORT "https://forum.aircrack-ng.org"
| #define PACKAGE_URL ""
| #define PACKAGE "aircrack-ng"
| #define VERSION "1.5.2"
| #define STDC_HEADERS 1
| #define HAVE_SYS_TYPES_H 1
| #define HAVE_SYS_STAT_H 1
| #define HAVE_STDLIB_H 1
| #define HAVE_STRING_H 1
| #define HAVE_MEMORY_H 1
| #define HAVE_STRINGS_H 1
| #define HAVE_INTTYPES_H 1
| #define HAVE_STDINT_H 1
| #define HAVE_UNISTD_H 1
| #define HAVE_DLFCN_H 1
| #define LT_OBJDIR ".libs/"
| #define _REVISION "1.5.2"
| #define HAVE_OPENSSL_CRYPTO_H 1
| #define HAVE_OPENSSL_CMAC_H 1
| #define HAVE_OPENSSL_CMAC_H 1
| #define HAVE_PCAP_H 1
| #define HAVE_PCAP 1
| #define HAVE_PCRE 1
| #define HAVE_SQLITE3_H 1
| #define HAVE_SQLITE3 1
| #define HAVE_SQLITE 1
| #define HAVE_ZLIB 1
| #define HAVE_PTHREAD_PRIO_INHERIT 1
| #define _REENTRANT 1
| #define HAVE_POSIX_MEMALIGN 1
| /* end confdefs.h.  */
| 
| int
| main ()
| {
| 
|       #if !(defined(__PATHCC__) || defined(__PATHSCALE__))
|         thisisanerror;
|       #endif
| 
|   ;
|   return 0;
| }
configure:25486: gcc -c  -I/usr/local/opt/openssl/include  -I/usr/local/opt/openssl/include -I/usr/local/include -D_FILE_OFFSET_BITS=64 -D_LARGEFILE64_SOURCE -D_FORTIFY_SOURCE=2 conftest.c >&5
configure:25486: $? = 0
configure:25494: result: clang
configure:25499: checking for C compiler version
configure:25659: gcc -o conftest  -I/usr/local/opt/openssl/include  -I/usr/local/opt/openssl/include -I/usr/local/include -D_FILE_OFFSET_BITS=64 -D_LARGEFILE64_SOURCE -D_FORTIFY_SOURCE=2  -L/usr/local/opt/openssl/lib conftest.c  -ldl -lm >&5
configure:25659: $? = 0
configure:25659: ./conftest
configure:25659: $? = 0
configure:25668: gcc -o conftest  -I/usr/local/opt/openssl/include  -I/usr/local/opt/openssl/include -I/usr/local/include -D_FILE_OFFSET_BITS=64 -D_LARGEFILE64_SOURCE -D_FORTIFY_SOURCE=2  -L/usr/local/opt/openssl/lib conftest.c  -ldl -lm >&5
configure:25668: $? = 0
configure:25668: ./conftest
configure:25668: $? = 0
configure:25677: gcc -o conftest  -I/usr/local/opt/openssl/include  -I/usr/local/opt/openssl/include -I/usr/local/include -D_FILE_OFFSET_BITS=64 -D_LARGEFILE64_SOURCE -D_FORTIFY_SOURCE=2  -L/usr/local/opt/openssl/lib conftest.c  -ldl -lm >&5
configure:25677: $? = 0
configure:25677: ./conftest
configure:25677: $? = 0
configure:26404: result: 9.0.0
configure:26416: checking CFLAGS for maximum warnings
configure:26436: gcc -c  -warn all  -warn all  -I/usr/local/opt/openssl/include -I/usr/local/include -D_FILE_OFFSET_BITS=64 -D_LARGEFILE64_SOURCE -D_FORTIFY_SOURCE=2 conftest.c >&5
clang: error: unknown argument: '-warn'
clang: error: unknown argument: '-warn'
clang: error: no such file or directory: 'all'
clang: error: no such file or directory: 'all'
configure:26436: $? = 1
configure: failed program was:
| /* confdefs.h */
| #define PACKAGE_NAME "aircrack-ng"
| #define PACKAGE_TARNAME "aircrack-ng"
| #define PACKAGE_VERSION "1.5.2"
| #define PACKAGE_STRING "aircrack-ng 1.5.2"
| #define PACKAGE_BUGREPORT "https://forum.aircrack-ng.org"
| #define PACKAGE_URL ""
| #define PACKAGE "aircrack-ng"
| #define VERSION "1.5.2"
| #define STDC_HEADERS 1
| #define HAVE_SYS_TYPES_H 1
| #define HAVE_SYS_STAT_H 1
| #define HAVE_STDLIB_H 1
| #define HAVE_STRING_H 1
| #define HAVE_MEMORY_H 1
| #define HAVE_STRINGS_H 1
| #define HAVE_INTTYPES_H 1
| #define HAVE_STDINT_H 1
| #define HAVE_UNISTD_H 1
| #define HAVE_DLFCN_H 1
| #define LT_OBJDIR ".libs/"
| #define _REVISION "1.5.2"
| #define HAVE_OPENSSL_CRYPTO_H 1
| #define HAVE_OPENSSL_CMAC_H 1
| #define HAVE_OPENSSL_CMAC_H 1
| #define HAVE_PCAP_H 1
| #define HAVE_PCAP 1
| #define HAVE_PCRE 1
| #define HAVE_SQLITE3_H 1
| #define HAVE_SQLITE3 1
| #define HAVE_SQLITE 1
| #define HAVE_ZLIB 1
| #define HAVE_PTHREAD_PRIO_INHERIT 1
| #define _REENTRANT 1
| #define HAVE_POSIX_MEMALIGN 1
| /* end confdefs.h.  */
| 
| int
| main ()
| {
| 
|   ;
|   return 0;
| }
configure:26436: gcc -c  -pedantic  -Wall  -I/usr/local/opt/openssl/include -I/usr/local/include -D_FILE_OFFSET_BITS=64 -D_LARGEFILE64_SOURCE -D_FORTIFY_SOURCE=2 conftest.c >&5
configure:26436: $? = 0
configure:26444: result: -Wall
configure:26464: : CFLAGS="$CFLAGS"
configure:26467: $? = 0
configure:26505: : opt_cflags="$opt_cflags"
configure:26508: $? = 0
configure:26534: checking CXXFLAGS for maximum warnings
configure:26554: g++ -c  -warn all  -warn all  -I/usr/local/opt/openssl/include -I/usr/local/include -D_FILE_OFFSET_BITS=64 -D_LARGEFILE64_SOURCE -D_FORTIFY_SOURCE=2 conftest.cpp >&5
clang: error: unknown argument: '-warn'
clang: error: unknown argument: '-warn'
clang: error: no such file or directory: 'all'
clang: error: no such file or directory: 'all'
configure:26554: $? = 1
configure: failed program was:
| /* confdefs.h */
| #define PACKAGE_NAME "aircrack-ng"
| #define PACKAGE_TARNAME "aircrack-ng"
| #define PACKAGE_VERSION "1.5.2"
| #define PACKAGE_STRING "aircrack-ng 1.5.2"
| #define PACKAGE_BUGREPORT "https://forum.aircrack-ng.org"
| #define PACKAGE_URL ""
| #define PACKAGE "aircrack-ng"
| #define VERSION "1.5.2"
| #define STDC_HEADERS 1
| #define HAVE_SYS_TYPES_H 1
| #define HAVE_SYS_STAT_H 1
| #define HAVE_STDLIB_H 1
| #define HAVE_STRING_H 1
| #define HAVE_MEMORY_H 1
| #define HAVE_STRINGS_H 1
| #define HAVE_INTTYPES_H 1
| #define HAVE_STDINT_H 1
| #define HAVE_UNISTD_H 1
| #define HAVE_DLFCN_H 1
| #define LT_OBJDIR ".libs/"
| #define _REVISION "1.5.2"
| #define HAVE_OPENSSL_CRYPTO_H 1
| #define HAVE_OPENSSL_CMAC_H 1
| #define HAVE_OPENSSL_CMAC_H 1
| #define HAVE_PCAP_H 1
| #define HAVE_PCAP 1
| #define HAVE_PCRE 1
| #define HAVE_SQLITE3_H 1
| #define HAVE_SQLITE3 1
| #define HAVE_SQLITE 1
| #define HAVE_ZLIB 1
| #define HAVE_PTHREAD_PRIO_INHERIT 1
| #define _REENTRANT 1
| #define HAVE_POSIX_MEMALIGN 1
| /* end confdefs.h.  */
| 
| int
| main ()
| {
| 
|   ;
|   return 0;
| }
configure:26554: g++ -c  -pedantic  -Wall  -I/usr/local/opt/openssl/include -I/usr/local/include -D_FILE_OFFSET_BITS=64 -D_LARGEFILE64_SOURCE -D_FORTIFY_SOURCE=2 conftest.cpp >&5
configure:26554: $? = 0
configure:26562: result: -Wall
configure:26582: : CXXFLAGS="$CXXFLAGS"
configure:26585: $? = 0
configure:26623: : opt_cxxflags="$opt_cxxflags"
configure:26626: $? = 0
configure:26659: : opt_cppflags="$opt_cppflags"
configure:26662: $? = 0
configure:26691: : opt_cflags="$opt_cflags"
configure:26694: $? = 0
configure:26723: : opt_cxxflags="$opt_cxxflags"
configure:26726: $? = 0
configure:26766: : opt_ldflags="$opt_ldflags"
configure:26769: $? = 0
configure:26788: checking whether C compiler accepts -O3
configure:26807: gcc -c  -I/usr/local/opt/openssl/include  -O3  -I/usr/local/opt/openssl/include -I/usr/local/include -D_FILE_OFFSET_BITS=64 -D_LARGEFILE64_SOURCE -D_FORTIFY_SOURCE=2 conftest.c >&5
configure:26807: $? = 0
configure:26815: result: yes
configure:26832: : opt_cflags="$opt_cflags"
configure:26835: $? = 0
configure:26863: checking whether C compiler accepts -std=gnu99
configure:26882: gcc -c  -I/usr/local/opt/openssl/include  -std=gnu99  -I/usr/local/opt/openssl/include -I/usr/local/include -D_FILE_OFFSET_BITS=64 -D_LARGEFILE64_SOURCE -D_FORTIFY_SOURCE=2 conftest.c >&5
configure:26882: $? = 0
configure:26890: result: yes
configure:26907: : opt_cflags="$opt_cflags"
configure:26910: $? = 0
configure:26932: checking whether C compiler accepts -fno-strict-aliasing
configure:26951: gcc -c  -I/usr/local/opt/openssl/include  -fno-strict-aliasing  -I/usr/local/opt/openssl/include -I/usr/local/include -D_FILE_OFFSET_BITS=64 -D_LARGEFILE64_SOURCE -D_FORTIFY_SOURCE=2 conftest.c >&5
configure:26951: $? = 0
configure:26959: result: yes
configure:26976: : opt_cflags="$opt_cflags"
configure:26979: $? = 0
configure:27001: checking whether C compiler accepts -Wpointer-arith
configure:27020: gcc -c  -I/usr/local/opt/openssl/include  -Wpointer-arith  -I/usr/local/opt/openssl/include -I/usr/local/include -D_FILE_OFFSET_BITS=64 -D_LARGEFILE64_SOURCE -D_FORTIFY_SOURCE=2 conftest.c >&5
configure:27020: $? = 0
configure:27028: result: yes
configure:27045: : opt_cflags="$opt_cflags"
configure:27048: $? = 0
configure:27070: checking whether C compiler accepts -Wstrict-overflow=2
configure:27089: gcc -c  -I/usr/local/opt/openssl/include  -Wstrict-overflow=2  -I/usr/local/opt/openssl/include -I/usr/local/include -D_FILE_OFFSET_BITS=64 -D_LARGEFILE64_SOURCE -D_FORTIFY_SOURCE=2 conftest.c >&5
configure:27089: $? = 0
configure:27097: result: yes
configure:27114: : opt_cflags="$opt_cflags"
configure:27117: $? = 0
configure:27154: : opt_cflags="$opt_cflags"
configure:27157: $? = 0
configure:27177: checking whether C compiler accepts -fvisibility=hidden
configure:27196: gcc -c  -I/usr/local/opt/openssl/include  -fvisibility=hidden  -I/usr/local/opt/openssl/include -I/usr/local/include -D_FILE_OFFSET_BITS=64 -D_LARGEFILE64_SOURCE -D_FORTIFY_SOURCE=2 conftest.c >&5
configure:27196: $? = 0
configure:27204: result: yes
configure:27221: : opt_cflags="$opt_cflags"
configure:27224: $? = 0
configure:27446: checking whether C compiler accepts -fstack-protector-strong
configure:27465: gcc -c  -I/usr/local/opt/openssl/include  -fstack-protector-strong  -I/usr/local/opt/openssl/include -I/usr/local/include -D_FILE_OFFSET_BITS=64 -D_LARGEFILE64_SOURCE -D_FORTIFY_SOURCE=2 conftest.c >&5
configure:27465: $? = 0
configure:27473: result: yes
configure:27490: : opt_cflags="$opt_cflags"
configure:27493: $? = 0
configure:27597: checking whether C compiler accepts -Wno-array-bounds
configure:27616: gcc -c  -I/usr/local/opt/openssl/include  -Wno-array-bounds  -I/usr/local/opt/openssl/include -I/usr/local/include -D_FILE_OFFSET_BITS=64 -D_LARGEFILE64_SOURCE -D_FORTIFY_SOURCE=2 conftest.c >&5
configure:27616: $? = 0
configure:27624: result: yes
configure:27641: : opt_cflags="$opt_cflags"
configure:27644: $? = 0
configure:27698: checking for C++ compiler vendor
configure:27745: g++ -c  -I/usr/local/opt/openssl/include  -I/usr/local/opt/openssl/include -I/usr/local/include -D_FILE_OFFSET_BITS=64 -D_LARGEFILE64_SOURCE -D_FORTIFY_SOURCE=2 conftest.cpp >&5
conftest.cpp:43:9: error: use of undeclared identifier 'thisisanerror'
        thisisanerror;
        ^
1 error generated.
configure:27745: $? = 1
configure: failed program was:
| /* confdefs.h */
| #define PACKAGE_NAME "aircrack-ng"
| #define PACKAGE_TARNAME "aircrack-ng"
| #define PACKAGE_VERSION "1.5.2"
| #define PACKAGE_STRING "aircrack-ng 1.5.2"
| #define PACKAGE_BUGREPORT "https://forum.aircrack-ng.org"
| #define PACKAGE_URL ""
| #define PACKAGE "aircrack-ng"
| #define VERSION "1.5.2"
| #define STDC_HEADERS 1
| #define HAVE_SYS_TYPES_H 1
| #define HAVE_SYS_STAT_H 1
| #define HAVE_STDLIB_H 1
| #define HAVE_STRING_H 1
| #define HAVE_MEMORY_H 1
| #define HAVE_STRINGS_H 1
| #define HAVE_INTTYPES_H 1
| #define HAVE_STDINT_H 1
| #define HAVE_UNISTD_H 1
| #define HAVE_DLFCN_H 1
| #define LT_OBJDIR ".libs/"
| #define _REVISION "1.5.2"
| #define HAVE_OPENSSL_CRYPTO_H 1
| #define HAVE_OPENSSL_CMAC_H 1
| #define HAVE_OPENSSL_CMAC_H 1
| #define HAVE_PCAP_H 1
| #define HAVE_PCAP 1
| #define HAVE_PCRE 1
| #define HAVE_SQLITE3_H 1
| #define HAVE_SQLITE3 1
| #define HAVE_SQLITE 1
| #define HAVE_ZLIB 1
| #define HAVE_PTHREAD_PRIO_INHERIT 1
| #define _REENTRANT 1
| #define HAVE_POSIX_MEMALIGN 1
| /* end confdefs.h.  */
| 
| int
| main ()
| {
| 
|       #if !(defined(__ICC) || defined(__ECC) || defined(__INTEL_COMPILER))
|         thisisanerror;
|       #endif
| 
|   ;
|   return 0;
| }
configure:27745: g++ -c  -I/usr/local/opt/openssl/include  -I/usr/local/opt/openssl/include -I/usr/local/include -D_FILE_OFFSET_BITS=64 -D_LARGEFILE64_SOURCE -D_FORTIFY_SOURCE=2 conftest.cpp >&5
conftest.cpp:43:9: error: use of undeclared identifier 'thisisanerror'
        thisisanerror;
        ^
1 error generated.
configure:27745: $? = 1
configure: failed program was:
| /* confdefs.h */
| #define PACKAGE_NAME "aircrack-ng"
| #define PACKAGE_TARNAME "aircrack-ng"
| #define PACKAGE_VERSION "1.5.2"
| #define PACKAGE_STRING "aircrack-ng 1.5.2"
| #define PACKAGE_BUGREPORT "https://forum.aircrack-ng.org"
| #define PACKAGE_URL ""
| #define PACKAGE "aircrack-ng"
| #define VERSION "1.5.2"
| #define STDC_HEADERS 1
| #define HAVE_SYS_TYPES_H 1
| #define HAVE_SYS_STAT_H 1
| #define HAVE_STDLIB_H 1
| #define HAVE_STRING_H 1
| #define HAVE_MEMORY_H 1
| #define HAVE_STRINGS_H 1
| #define HAVE_INTTYPES_H 1
| #define HAVE_STDINT_H 1
| #define HAVE_UNISTD_H 1
| #define HAVE_DLFCN_H 1
| #define LT_OBJDIR ".libs/"
| #define _REVISION "1.5.2"
| #define HAVE_OPENSSL_CRYPTO_H 1
| #define HAVE_OPENSSL_CMAC_H 1
| #define HAVE_OPENSSL_CMAC_H 1
| #define HAVE_PCAP_H 1
| #define HAVE_PCAP 1
| #define HAVE_PCRE 1
| #define HAVE_SQLITE3_H 1
| #define HAVE_SQLITE3 1
| #define HAVE_SQLITE 1
| #define HAVE_ZLIB 1
| #define HAVE_PTHREAD_PRIO_INHERIT 1
| #define _REENTRANT 1
| #define HAVE_POSIX_MEMALIGN 1
| /* end confdefs.h.  */
| 
| int
| main ()
| {
| 
|       #if !(defined(__xlc__) || defined(__xlC__) || defined(__IBMC__) || defined(__IBMCPP__))
|         thisisanerror;
|       #endif
| 
|   ;
|   return 0;
| }
configure:27745: g++ -c  -I/usr/local/opt/openssl/include  -I/usr/local/opt/openssl/include -I/usr/local/include -D_FILE_OFFSET_BITS=64 -D_LARGEFILE64_SOURCE -D_FORTIFY_SOURCE=2 conftest.cpp >&5
conftest.cpp:43:9: error: use of undeclared identifier 'thisisanerror'
        thisisanerror;
        ^
1 error generated.
configure:27745: $? = 1
configure: failed program was:
| /* confdefs.h */
| #define PACKAGE_NAME "aircrack-ng"
| #define PACKAGE_TARNAME "aircrack-ng"
| #define PACKAGE_VERSION "1.5.2"
| #define PACKAGE_STRING "aircrack-ng 1.5.2"
| #define PACKAGE_BUGREPORT "https://forum.aircrack-ng.org"
| #define PACKAGE_URL ""
| #define PACKAGE "aircrack-ng"
| #define VERSION "1.5.2"
| #define STDC_HEADERS 1
| #define HAVE_SYS_TYPES_H 1
| #define HAVE_SYS_STAT_H 1
| #define HAVE_STDLIB_H 1
| #define HAVE_STRING_H 1
| #define HAVE_MEMORY_H 1
| #define HAVE_STRINGS_H 1
| #define HAVE_INTTYPES_H 1
| #define HAVE_STDINT_H 1
| #define HAVE_UNISTD_H 1
| #define HAVE_DLFCN_H 1
| #define LT_OBJDIR ".libs/"
| #define _REVISION "1.5.2"
| #define HAVE_OPENSSL_CRYPTO_H 1
| #define HAVE_OPENSSL_CMAC_H 1
| #define HAVE_OPENSSL_CMAC_H 1
| #define HAVE_PCAP_H 1
| #define HAVE_PCAP 1
| #define HAVE_PCRE 1
| #define HAVE_SQLITE3_H 1
| #define HAVE_SQLITE3 1
| #define HAVE_SQLITE 1
| #define HAVE_ZLIB 1
| #define HAVE_PTHREAD_PRIO_INHERIT 1
| #define _REENTRANT 1
| #define HAVE_POSIX_MEMALIGN 1
| /* end confdefs.h.  */
| 
| int
| main ()
| {
| 
|       #if !(defined(__PATHCC__) || defined(__PATHSCALE__))
|         thisisanerror;
|       #endif
| 
|   ;
|   return 0;
| }
configure:27745: g++ -c  -I/usr/local/opt/openssl/include  -I/usr/local/opt/openssl/include -I/usr/local/include -D_FILE_OFFSET_BITS=64 -D_LARGEFILE64_SOURCE -D_FORTIFY_SOURCE=2 conftest.cpp >&5
configure:27745: $? = 0
configure:27753: result: clang
configure:27758: checking for C++ compiler version
configure:27918: g++ -o conftest  -I/usr/local/opt/openssl/include  -I/usr/local/opt/openssl/include -I/usr/local/include -D_FILE_OFFSET_BITS=64 -D_LARGEFILE64_SOURCE -D_FORTIFY_SOURCE=2  -L/usr/local/opt/openssl/lib conftest.cpp  -ldl -lm >&5
configure:27918: $? = 0
configure:27918: ./conftest
configure:27918: $? = 0
configure:27927: g++ -o conftest  -I/usr/local/opt/openssl/include  -I/usr/local/opt/openssl/include -I/usr/local/include -D_FILE_OFFSET_BITS=64 -D_LARGEFILE64_SOURCE -D_FORTIFY_SOURCE=2  -L/usr/local/opt/openssl/lib conftest.cpp  -ldl -lm >&5
configure:27927: $? = 0
configure:27927: ./conftest
configure:27927: $? = 0
configure:27936: g++ -o conftest  -I/usr/local/opt/openssl/include  -I/usr/local/opt/openssl/include -I/usr/local/include -D_FILE_OFFSET_BITS=64 -D_LARGEFILE64_SOURCE -D_FORTIFY_SOURCE=2  -L/usr/local/opt/openssl/lib conftest.cpp  -ldl -lm >&5
configure:27936: $? = 0
configure:27936: ./conftest
configure:27936: $? = 0
configure:28663: result: 9.0.0
configure:28675: checking CFLAGS for maximum warnings
configure:28703: result: -Wall
configure:28723: : CFLAGS="$CFLAGS"
configure:28726: $? = 0
configure:28756: : opt_cflags already contains $CFLAGS
configure:28759: $? = 0
configure:28793: checking CXXFLAGS for maximum warnings
configure:28821: result: -Wall
configure:28841: : CXXFLAGS="$CXXFLAGS"
configure:28844: $? = 0
configure:28874: : opt_cxxflags already contains $CXXFLAGS
configure:28877: $? = 0
configure:28910: : opt_cppflags already contains -Wno-unused-command-line-argument
configure:28913: $? = 0
configure:28942: : opt_cflags already contains -Wno-unused-command-line-argument
configure:28945: $? = 0
configure:28974: : opt_cxxflags already contains -Wno-unused-command-line-argument
configure:28977: $? = 0
configure:29006: : opt_ldflags already contains -Wno-unused-command-line-argument
configure:29009: $? = 0
configure:29047: checking whether C++ compiler accepts -O3
configure:29066: g++ -c  -I/usr/local/opt/openssl/include  -O3  -I/usr/local/opt/openssl/include -I/usr/local/include -D_FILE_OFFSET_BITS=64 -D_LARGEFILE64_SOURCE -D_FORTIFY_SOURCE=2 conftest.cpp >&5
configure:29066: $? = 0
configure:29074: result: yes
configure:29091: : opt_cxxflags="$opt_cxxflags"
configure:29094: $? = 0
configure:29122: checking whether C++ compiler accepts -fvisibility=hidden
configure:29141: g++ -c  -I/usr/local/opt/openssl/include  -fvisibility=hidden  -I/usr/local/opt/openssl/include -I/usr/local/include -D_FILE_OFFSET_BITS=64 -D_LARGEFILE64_SOURCE -D_FORTIFY_SOURCE=2 conftest.cpp >&5
configure:29141: $? = 0
configure:29149: result: yes
configure:29166: : opt_cxxflags="$opt_cxxflags"
configure:29169: $? = 0
configure:29391: checking whether C++ compiler accepts -fstack-protector-strong
configure:29410: g++ -c  -I/usr/local/opt/openssl/include  -fstack-protector-strong  -I/usr/local/opt/openssl/include -I/usr/local/include -D_FILE_OFFSET_BITS=64 -D_LARGEFILE64_SOURCE -D_FORTIFY_SOURCE=2 conftest.cpp >&5
configure:29410: $? = 0
configure:29418: result: yes
configure:29435: : opt_cxxflags="$opt_cxxflags"
configure:29438: $? = 0
configure:29542: checking whether C++ compiler accepts -Wno-array-bounds
configure:29561: g++ -c  -I/usr/local/opt/openssl/include  -Wno-array-bounds  -I/usr/local/opt/openssl/include -I/usr/local/include -D_FILE_OFFSET_BITS=64 -D_LARGEFILE64_SOURCE -D_FORTIFY_SOURCE=2 conftest.cpp >&5
configure:29561: $? = 0
configure:29569: result: yes
configure:29586: : opt_cxxflags="$opt_cxxflags"
configure:29589: $? = 0
configure:29641: checking for C compiler vendor
configure:29696: result: clang
configure:29701: checking for C compiler version
configure:30606: result: 9.0.0
configure:31584: checking whether C compiler accepts -mavx2
configure:31603: gcc -c  -I/usr/local/opt/openssl/include  -mavx2  -I/usr/local/opt/openssl/include -I/usr/local/include -D_FILE_OFFSET_BITS=64 -D_LARGEFILE64_SOURCE -D_FORTIFY_SOURCE=2 conftest.c >&5
configure:31603: $? = 0
configure:31611: result: yes
configure:31639: : x86_avx2_cflags="$x86_avx2_cflags"
configure:31642: $? = 0
configure:31654: checking whether C compiler accepts -mavx
configure:31673: gcc -c  -I/usr/local/opt/openssl/include  -mavx  -I/usr/local/opt/openssl/include -I/usr/local/include -D_FILE_OFFSET_BITS=64 -D_LARGEFILE64_SOURCE -D_FORTIFY_SOURCE=2 conftest.c >&5
configure:31673: $? = 0
configure:31681: result: yes
configure:31709: : x86_avx_cflags="$x86_avx_cflags"
configure:31712: $? = 0
configure:31724: checking whether C compiler accepts -msse2
configure:31743: gcc -c  -I/usr/local/opt/openssl/include  -msse2  -I/usr/local/opt/openssl/include -I/usr/local/include -D_FILE_OFFSET_BITS=64 -D_LARGEFILE64_SOURCE -D_FORTIFY_SOURCE=2 conftest.c >&5
configure:31743: $? = 0
configure:31751: result: yes
configure:31779: : x86_sse2_cflags="$x86_sse2_cflags"
configure:31782: $? = 0
configure:31794: checking whether C compiler accepts -mmmx
configure:31813: gcc -c  -I/usr/local/opt/openssl/include  -mmmx  -I/usr/local/opt/openssl/include -I/usr/local/include -D_FILE_OFFSET_BITS=64 -D_LARGEFILE64_SOURCE -D_FORTIFY_SOURCE=2 conftest.c >&5
configure:31813: $? = 0
configure:31821: result: yes
configure:31849: : x86_mmx_cflags="$x86_mmx_cflags"
configure:31852: $? = 0
configure:31949: checking for C++ compiler vendor
configure:32004: result: clang
configure:32009: checking for C++ compiler version
configure:32914: result: 9.0.0
configure:32955: checking whether C++ compiler accepts -masm=intel
configure:32974: g++ -c  -I/usr/local/opt/openssl/include  -masm=intel  -I/usr/local/opt/openssl/include -I/usr/local/include -D_FILE_OFFSET_BITS=64 -D_LARGEFILE64_SOURCE -D_FORTIFY_SOURCE=2 conftest.cpp >&5
configure:32974: $? = 0
configure:32982: result: yes
configure:32999: : opt_cxxflags="$opt_cxxflags"
configure:33002: $? = 0
configure:33964: checking whether C++ compiler accepts -mavx2
configure:33983: g++ -c  -I/usr/local/opt/openssl/include  -mavx2  -I/usr/local/opt/openssl/include -I/usr/local/include -D_FILE_OFFSET_BITS=64 -D_LARGEFILE64_SOURCE -D_FORTIFY_SOURCE=2 conftest.cpp >&5
configure:33983: $? = 0
configure:33991: result: yes
configure:34019: : x86_avx2_cxxflags="$x86_avx2_cxxflags"
configure:34022: $? = 0
configure:34034: checking whether C++ compiler accepts -mavx
configure:34053: g++ -c  -I/usr/local/opt/openssl/include  -mavx  -I/usr/local/opt/openssl/include -I/usr/local/include -D_FILE_OFFSET_BITS=64 -D_LARGEFILE64_SOURCE -D_FORTIFY_SOURCE=2 conftest.cpp >&5
configure:34053: $? = 0
configure:34061: result: yes
configure:34089: : x86_avx_cxxflags="$x86_avx_cxxflags"
configure:34092: $? = 0
configure:34104: checking whether C++ compiler accepts -msse2
configure:34123: g++ -c  -I/usr/local/opt/openssl/include  -msse2  -I/usr/local/opt/openssl/include -I/usr/local/include -D_FILE_OFFSET_BITS=64 -D_LARGEFILE64_SOURCE -D_FORTIFY_SOURCE=2 conftest.cpp >&5
configure:34123: $? = 0
configure:34131: result: yes
configure:34159: : x86_sse2_cxxflags="$x86_sse2_cxxflags"
configure:34162: $? = 0
configure:34174: checking whether C++ compiler accepts -mmmx
configure:34193: g++ -c  -I/usr/local/opt/openssl/include  -mmmx  -I/usr/local/opt/openssl/include -I/usr/local/include -D_FILE_OFFSET_BITS=64 -D_LARGEFILE64_SOURCE -D_FORTIFY_SOURCE=2 conftest.cpp >&5
configure:34193: $? = 0
configure:34201: result: yes
configure:34229: : x86_mmx_cxxflags="$x86_mmx_cxxflags"
configure:34232: $? = 0
configure:34381: checking for malloc in -lduma
configure:34406: gcc -o conftest  -I/usr/local/opt/openssl/include  -I/usr/local/opt/openssl/include -I/usr/local/include -D_FILE_OFFSET_BITS=64 -D_LARGEFILE64_SOURCE -D_FORTIFY_SOURCE=2  -L/usr/local/opt/openssl/lib conftest.c -lduma   -ldl -lm >&5
conftest.c:47:6: warning: incompatible redeclaration of library function 'malloc' [-Wincompatible-library-redeclaration]
char malloc ();
     ^
conftest.c:47:6: note: 'malloc' is a builtin with type 'void *(unsigned long)'
1 warning generated.
ld: library not found for -lduma
clang: error: linker command failed with exit code 1 (use -v to see invocation)
configure:34406: $? = 1
configure: failed program was:
| /* confdefs.h */
| #define PACKAGE_NAME "aircrack-ng"
| #define PACKAGE_TARNAME "aircrack-ng"
| #define PACKAGE_VERSION "1.5.2"
| #define PACKAGE_STRING "aircrack-ng 1.5.2"
| #define PACKAGE_BUGREPORT "https://forum.aircrack-ng.org"
| #define PACKAGE_URL ""
| #define PACKAGE "aircrack-ng"
| #define VERSION "1.5.2"
| #define STDC_HEADERS 1
| #define HAVE_SYS_TYPES_H 1
| #define HAVE_SYS_STAT_H 1
| #define HAVE_STDLIB_H 1
| #define HAVE_STRING_H 1
| #define HAVE_MEMORY_H 1
| #define HAVE_STRINGS_H 1
| #define HAVE_INTTYPES_H 1
| #define HAVE_STDINT_H 1
| #define HAVE_UNISTD_H 1
| #define HAVE_DLFCN_H 1
| #define LT_OBJDIR ".libs/"
| #define _REVISION "1.5.2"
| #define HAVE_OPENSSL_CRYPTO_H 1
| #define HAVE_OPENSSL_CMAC_H 1
| #define HAVE_OPENSSL_CMAC_H 1
| #define HAVE_PCAP_H 1
| #define HAVE_PCAP 1
| #define HAVE_PCRE 1
| #define HAVE_SQLITE3_H 1
| #define HAVE_SQLITE3 1
| #define HAVE_SQLITE 1
| #define HAVE_ZLIB 1
| #define HAVE_PTHREAD_PRIO_INHERIT 1
| #define _REENTRANT 1
| #define HAVE_POSIX_MEMALIGN 1
| #define CACHELINE_SIZE 64
| #define INTEL_ASM 1
| #define CACHELINE_SIZE 64
| /* end confdefs.h.  */
| 
| /* Override any GCC internal prototype to avoid an error.
|    Use char because int might match the return type of a GCC
|    builtin and then its argument prototype would still apply.  */
| #ifdef __cplusplus
| extern "C"
| #endif
| char malloc ();
| int
| main ()
| {
| return malloc ();
|   ;
|   return 0;
| }
configure:34415: result: no
configure:34502: checking for C compiler vendor
configure:34557: result: clang
configure:34892: checking that generated files are newer than configure
configure:34898: result: done
configure:35081: creating ./config.status

## ---------------------- ##
## Running config.status. ##
## ---------------------- ##

This file was extended by aircrack-ng config.status 1.5.2, which was
generated by GNU Autoconf 2.69.  Invocation command line was

  CONFIG_FILES    = 
  CONFIG_HEADERS  = 
  CONFIG_LINKS    = 
  CONFIG_COMMANDS = 
  $ ./config.status 

on MBP-de-Hugo

config.status:1511: creating Makefile
config.status:1511: creating manpages/Makefile
config.status:1511: creating scripts/Makefile
config.status:1511: creating scripts/airdrop-ng/Makefile
config.status:1511: creating scripts/airdrop-ng/doc/Makefile
config.status:1511: creating scripts/airgraph-ng/Makefile
config.status:1511: creating scripts/airgraph-ng/man/Makefile
config.status:1511: creating scripts/versuck-ng/Makefile
config.status:1511: creating src/Makefile
config.status:1511: creating src/aircrack-crypto/Makefile
config.status:1511: creating src/aircrack-util/Makefile
config.status:1511: creating src/include/Makefile
config.status:1511: creating src/aircrack-osdep/Makefile
config.status:1511: creating src/aircrack-osdep/radiotap/Makefile
config.status:1511: creating test/Makefile
config.status:1511: creating test/test-env.sh
config.status:1511: creating test/cryptounittest/Makefile
config.status:1511: creating test/unit/Makefile
config.status:1683: executing depfiles commands
config.status:1760: cd src       && sed -e '/# am--include-marker/d' Makefile         | make -f - am--depfiles
config.status:1765: $? = 0
config.status:1760: cd src/aircrack-crypto       && sed -e '/# am--include-marker/d' Makefile         | make -f - am--depfiles
config.status:1765: $? = 0
config.status:1760: cd src/aircrack-util       && sed -e '/# am--include-marker/d' Makefile         | make -f - am--depfiles
config.status:1765: $? = 0
config.status:1760: cd src/aircrack-osdep       && sed -e '/# am--include-marker/d' Makefile         | make -f - am--depfiles
config.status:1765: $? = 0
config.status:1760: cd src/aircrack-osdep/radiotap       && sed -e '/# am--include-marker/d' Makefile         | make -f - am--depfiles
config.status:1765: $? = 0
config.status:1760: cd test       && sed -e '/# am--include-marker/d' Makefile         | make -f - am--depfiles
config.status:1765: $? = 0
config.status:1760: cd test/cryptounittest       && sed -e '/# am--include-marker/d' Makefile         | make -f - am--depfiles
config.status:1765: $? = 0
config.status:1760: cd test/unit       && sed -e '/# am--include-marker/d' Makefile         | make -f - am--depfiles
config.status:1765: $? = 0
config.status:1683: executing libtool commands

## ---------------- ##
## Cache variables. ##
## ---------------- ##

ac_cv_build=x86_64-apple-darwin16.7.0
ac_cv_c_compiler_gnu=yes
ac_cv_cflags_warn_all=-Wall
ac_cv_cxx_compiler_gnu=yes
ac_cv_cxxflags_warn_all=-Wall
ac_cv_env_BREW_set=
ac_cv_env_BREW_value=
ac_cv_env_CCASFLAGS_set=
ac_cv_env_CCASFLAGS_value=
ac_cv_env_CCAS_set=
ac_cv_env_CCAS_value=
ac_cv_env_CCC_set=
ac_cv_env_CCC_value=
ac_cv_env_CC_set=
ac_cv_env_CC_value=
ac_cv_env_CFLAGS_set=
ac_cv_env_CFLAGS_value=
ac_cv_env_CMOCKA_CFLAGS_set=
ac_cv_env_CMOCKA_CFLAGS_value=
ac_cv_env_CMOCKA_LIBS_set=
ac_cv_env_CMOCKA_LIBS_value=
ac_cv_env_CPPFLAGS_set=
ac_cv_env_CPPFLAGS_value=
ac_cv_env_CPP_set=
ac_cv_env_CPP_value=
ac_cv_env_CXXCPP_set=
ac_cv_env_CXXCPP_value=
ac_cv_env_CXXFLAGS_set=
ac_cv_env_CXXFLAGS_value=
ac_cv_env_CXX_set=
ac_cv_env_CXX_value=
ac_cv_env_ETHTOOL_set=
ac_cv_env_ETHTOOL_value=
ac_cv_env_HWLOC_CFLAGS_set=
ac_cv_env_HWLOC_CFLAGS_value=
ac_cv_env_HWLOC_FOUND_set=
ac_cv_env_HWLOC_FOUND_value=
ac_cv_env_HWLOC_LIBS_set=
ac_cv_env_HWLOC_LIBS_value=
ac_cv_env_LDFLAGS_set=
ac_cv_env_LDFLAGS_value=
ac_cv_env_LIBNL1_CFLAGS_set=
ac_cv_env_LIBNL1_CFLAGS_value=
ac_cv_env_LIBNL1_LIBS_set=
ac_cv_env_LIBNL1_LIBS_value=
ac_cv_env_LIBNL30_CFLAGS_set=
ac_cv_env_LIBNL30_CFLAGS_value=
ac_cv_env_LIBNL30_LIBS_set=
ac_cv_env_LIBNL30_LIBS_value=
ac_cv_env_LIBNL31_CFLAGS_set=
ac_cv_env_LIBNL31_CFLAGS_value=
ac_cv_env_LIBNL31_LIBS_set=
ac_cv_env_LIBNL31_LIBS_value=
ac_cv_env_LIBNL3X_CFLAGS_set=
ac_cv_env_LIBNL3X_CFLAGS_value=
ac_cv_env_LIBNL3X_LIBS_set=
ac_cv_env_LIBNL3X_LIBS_value=
ac_cv_env_LIBNLT_CFLAGS_set=
ac_cv_env_LIBNLT_CFLAGS_value=
ac_cv_env_LIBNLT_LIBS_set=
ac_cv_env_LIBNLT_LIBS_value=
ac_cv_env_LIBS_set=
ac_cv_env_LIBS_value=
ac_cv_env_LTDL_FOUND_set=
ac_cv_env_LTDL_FOUND_value=
ac_cv_env_LTDL_LIBS_set=
ac_cv_env_LTDL_LIBS_value=
ac_cv_env_LT_SYS_LIBRARY_PATH_set=
ac_cv_env_LT_SYS_LIBRARY_PATH_value=
ac_cv_env_NUMA_FOUND_set=
ac_cv_env_NUMA_FOUND_value=
ac_cv_env_NUMA_LIBS_set=
ac_cv_env_NUMA_LIBS_value=
ac_cv_env_OPENSSL_FOUND_set=
ac_cv_env_OPENSSL_FOUND_value=
ac_cv_env_OPENSSL_LIBS_set=
ac_cv_env_OPENSSL_LIBS_value=
ac_cv_env_PCAP_FOUND_set=
ac_cv_env_PCAP_FOUND_value=
ac_cv_env_PCAP_LIBS_set=
ac_cv_env_PCAP_LIBS_value=
ac_cv_env_PCRE_CFLAGS_set=
ac_cv_env_PCRE_CFLAGS_value=
ac_cv_env_PCRE_FOUND_set=
ac_cv_env_PCRE_FOUND_value=
ac_cv_env_PCRE_LIBS_set=
ac_cv_env_PCRE_LIBS_value=
ac_cv_env_PKG_CONFIG_LIBDIR_set=
ac_cv_env_PKG_CONFIG_LIBDIR_value=
ac_cv_env_PKG_CONFIG_PATH_set=
ac_cv_env_PKG_CONFIG_PATH_value=
ac_cv_env_PKG_CONFIG_set=
ac_cv_env_PKG_CONFIG_value=
ac_cv_env_RFKILL_set=
ac_cv_env_RFKILL_value=
ac_cv_env_SQLITE3_FOUND_set=
ac_cv_env_SQLITE3_FOUND_value=
ac_cv_env_SQLITE3_LIBS_set=
ac_cv_env_SQLITE3_LIBS_value=
ac_cv_env_STATIC_HOST_ALIAS_set=
ac_cv_env_STATIC_HOST_ALIAS_value=
ac_cv_env_STATIC_LIBDIR_NAME_set=
ac_cv_env_STATIC_LIBDIR_NAME_value=
ac_cv_env_ZLIB_CFLAGS_set=
ac_cv_env_ZLIB_CFLAGS_value=
ac_cv_env_ZLIB_FOUND_set=
ac_cv_env_ZLIB_FOUND_value=
ac_cv_env_ZLIB_LIBS_set=
ac_cv_env_ZLIB_LIBS_value=
ac_cv_env__REVISION_set=
ac_cv_env__REVISION_value=
ac_cv_env_build_alias_set=
ac_cv_env_build_alias_value=
ac_cv_env_host_alias_set=
ac_cv_env_host_alias_value=
ac_cv_env_target_alias_set=
ac_cv_env_target_alias_value=
ac_cv_file__Applications_Xcode_app_Contents_Developer_Toolchains_XcodeDefault_xctoolchain_usr_lib_swift_migrator_sdk_MacOSX_sdk_usr_include=no
ac_cv_file__opt_local_include=no
ac_cv_file__usr_local_Homebrew=yes
ac_cv_func_posix_memalign=yes
ac_cv_header_dlfcn_h=yes
ac_cv_header_inttypes_h=yes
ac_cv_header_memory_h=yes
ac_cv_header_openssl_cmac_h=yes
ac_cv_header_openssl_crypto_h=yes
ac_cv_header_pcap_h=yes
ac_cv_header_sqlite3_h=yes
ac_cv_header_stdc=yes
ac_cv_header_stdint_h=yes
ac_cv_header_stdlib_h=yes
ac_cv_header_string_h=yes
ac_cv_header_strings_h=yes
ac_cv_header_sys_stat_h=yes
ac_cv_header_sys_types_h=yes
ac_cv_header_unistd_h=yes
ac_cv_host=x86_64-apple-darwin16.7.0
ac_cv_lib_crypto_OPENSSL_init=yes
ac_cv_lib_dl_dlopen=yes
ac_cv_lib_duma_malloc=no
ac_cv_lib_m_sin=yes
ac_cv_lib_pcap_pcap_open_live=yes
ac_cv_lib_pthread_pthread_create=yes
ac_cv_lib_sqlite3_sqlite3_open=yes
ac_cv_objext=o
ac_cv_path_EGREP='/usr/bin/grep -E'
ac_cv_path_FGREP='/usr/bin/grep -F'
ac_cv_path_GREP=/usr/bin/grep
ac_cv_path_SED=/usr/bin/sed
ac_cv_path_ac_pt_PKG_CONFIG=/usr/local/bin/pkg-config
ac_cv_path_install='/usr/local/bin/ginstall -c'
ac_cv_path_lt_DD=/bin/dd
ac_cv_path_mkdir=/usr/local/bin/gmkdir
ac_cv_prog_AWK=awk
ac_cv_prog_BREW=/usr/local/bin/brew
ac_cv_prog_CPP='gcc -E'
ac_cv_prog_CXXCPP='g++ -E'
ac_cv_prog_PYTHON=python
ac_cv_prog_READLINK=greadlink
ac_cv_prog_VALGRIND=valgrind
ac_cv_prog_ac_ct_AR=ar
ac_cv_prog_ac_ct_CC=gcc
ac_cv_prog_ac_ct_CXX=g++
ac_cv_prog_ac_ct_DSYMUTIL=dsymutil
ac_cv_prog_ac_ct_LIPO=lipo
ac_cv_prog_ac_ct_NMEDIT=nmedit
ac_cv_prog_ac_ct_OBJDUMP=objdump
ac_cv_prog_ac_ct_OTOOL=otool
ac_cv_prog_ac_ct_RANLIB=ranlib
ac_cv_prog_ac_ct_STRIP=strip
ac_cv_prog_cc_c89=
ac_cv_prog_cc_g=yes
ac_cv_prog_cxx_g=yes
ac_cv_prog_make_make_set=yes
ac_cv_search_gethostbyname='none required'
ac_cv_search_socket='none required'
ac_cv_sys_file_offset_bits=no
ac_cv_sys_largefile_CC=no
ac_cv_target=x86_64-apple-darwin16.7.0
am_cv_CCAS_dependencies_compiler_type=gcc3
am_cv_CC_dependencies_compiler_type=gcc3
am_cv_CXX_dependencies_compiler_type=gcc3
am_cv_make_support_nested_variables=yes
am_cv_prog_cc_c_o=yes
ax_cv_PTHREAD_CLANG=yes
ax_cv_PTHREAD_CLANG_NO_WARN_FLAG=-Qunused-arguments
ax_cv_PTHREAD_JOINABLE_ATTR=PTHREAD_CREATE_JOINABLE
ax_cv_PTHREAD_PRIO_INHERIT=yes
ax_cv_PTHREAD_SPECIAL_FLAGS=no
ax_cv_c_compiler_vendor=clang
ax_cv_c_compiler_version=9.0.0
ax_cv_check_cflags___O3=yes
ax_cv_check_cflags___Wno_array_bounds=yes
ax_cv_check_cflags___Wpointer_arith=yes
ax_cv_check_cflags___Wstrict_overflow_2=yes
ax_cv_check_cflags___fno_strict_aliasing=yes
ax_cv_check_cflags___fstack_protector_strong=yes
ax_cv_check_cflags___fvisibility_hidden=yes
ax_cv_check_cflags___mavx2=yes
ax_cv_check_cflags___mavx=yes
ax_cv_check_cflags___mmmx=yes
ax_cv_check_cflags___msse2=yes
ax_cv_check_cflags___std_gnu99=yes
ax_cv_check_cxxflags___O3=yes
ax_cv_check_cxxflags___Wno_array_bounds=yes
ax_cv_check_cxxflags___fstack_protector_strong=yes
ax_cv_check_cxxflags___fvisibility_hidden=yes
ax_cv_check_cxxflags___masm_intel=yes
ax_cv_check_cxxflags___mavx2=yes
ax_cv_check_cxxflags___mavx=yes
ax_cv_check_cxxflags___mmmx=yes
ax_cv_check_cxxflags___msse2=yes
ax_cv_cxx_compiler_vendor=clang
ax_cv_cxx_compiler_version=9.0.0
ax_cv_valgrind_tool_drd=drd
ax_cv_valgrind_tool_exp_sgcheck=
ax_cv_valgrind_tool_helgrind=helgrind
ax_cv_valgrind_tool_memcheck=memcheck
ext_cv_default_static_lib_search_paths=' 		/Applications/Xcode.app/Contents/Developer/Toolchains/XcodeDefault.xctoolchain/usr/lib/clang/9.0.0 		/opt/lib/x86_64-apple-darwin16.7.0 		/opt/lib 		/usr/local/lib/x86_64-apple-darwin16.7.0 		/usr/local/lib 		/usr/lib/x86_64-apple-darwin16.7.0 		/usr/lib 		/lib 		/opt/lib/x86_64-apple-darwin16.7.0 		/opt/lib 	'
ext_cv_static_libdir_name=lib
lt_cv_apple_cc_single_mod=yes
lt_cv_ar_at_file=no
lt_cv_deplibs_check_method=pass_all
lt_cv_file_magic_cmd='$MAGIC_CMD'
lt_cv_file_magic_test_file=
lt_cv_ld_exported_symbols_list=yes
lt_cv_ld_force_load=yes
lt_cv_ld_reload_flag=-r
lt_cv_nm_interface='BSD nm'
lt_cv_objdir=.libs
lt_cv_path_LD=/Applications/Xcode.app/Contents/Developer/Toolchains/XcodeDefault.xctoolchain/usr/bin/ld
lt_cv_path_LDCXX=/Applications/Xcode.app/Contents/Developer/Toolchains/XcodeDefault.xctoolchain/usr/bin/ld
lt_cv_path_NM='/usr/bin/nm -B'
lt_cv_path_mainfest_tool=no
lt_cv_prog_compiler_c_o=yes
lt_cv_prog_compiler_c_o_CXX=yes
lt_cv_prog_compiler_pic='-fno-common -DPIC'
lt_cv_prog_compiler_pic_CXX='-fno-common -DPIC'
lt_cv_prog_compiler_pic_works=yes
lt_cv_prog_compiler_pic_works_CXX=yes
lt_cv_prog_compiler_rtti_exceptions=yes
lt_cv_prog_compiler_static_works=no
lt_cv_prog_compiler_static_works_CXX=no
lt_cv_prog_gnu_ld=no
lt_cv_prog_gnu_ldcxx=no
lt_cv_sharedlib_from_linklib_cmd='printf %s\n'
lt_cv_sys_global_symbol_pipe='sed -n -e '\''s/^.*[	 ]\([BCDEGRST][BCDEGRST]*\)[	 ][	 ]*_\([_A-Za-z][_A-Za-z0-9]*\)$/\1 _\2 \2/p'\'' | sed '\''/ __gnu_lto/d'\'''
lt_cv_sys_global_symbol_to_c_name_address='sed -n -e '\''s/^: \(.*\) .*$/  {"\1", (void *) 0},/p'\'' -e '\''s/^[BCDEGRST][BCDEGRST]* .* \(.*\)$/  {"\1", (void *) \&\1},/p'\'''
lt_cv_sys_global_symbol_to_c_name_address_lib_prefix='sed -n -e '\''s/^: \(.*\) .*$/  {"\1", (void *) 0},/p'\'' -e '\''s/^[BCDEGRST][BCDEGRST]* .* \(lib.*\)$/  {"\1", (void *) \&\1},/p'\'' -e '\''s/^[BCDEGRST][BCDEGRST]* .* \(.*\)$/  {"lib\1", (void *) \&\1},/p'\'''
lt_cv_sys_global_symbol_to_cdecl='sed -n -e '\''s/^T .* \(.*\)$/extern int \1();/p'\'' -e '\''s/^[BCDEGRST][BCDEGRST]* .* \(.*\)$/extern char \1;/p'\'''
lt_cv_sys_global_symbol_to_import=
lt_cv_sys_max_cmd_len=196608
lt_cv_to_host_file_cmd=func_convert_file_noop
lt_cv_to_tool_file_cmd=func_convert_file_noop
lt_cv_truncate_bin='/bin/dd bs=4096 count=1'
pc_cv_python_site_dir=/usr/local/Cellar/python@2/2.7.15_2/Frameworks/Python.framework/Versions/2.7/lib/site-python
pkg_cv_PCRE_CFLAGS=-I/usr/local/Cellar/pcre/8.41/include
pkg_cv_PCRE_LIBS='-L/usr/local/Cellar/pcre/8.41/lib -lpcre'
pkg_cv_ZLIB_CFLAGS=
pkg_cv_ZLIB_LIBS=-lz

## ----------------- ##
## Output variables. ##
## ----------------- ##





































			$(MAKE) $(AM_MAKEFLAGS) -k check-valgrind-tool VALGRIND_TOOL=$(tool); \
		$(if $(VALGRIND_HAVE_TOOL_$(tool))$(VALGRIND_HAVE_TOOL_exp_$(tool)), \
		) \
		LOG_COMPILER="$(VALGRIND_LOG_COMPILER)" \
		LOG_COMPILER="$(VALGRIND_LOG_COMPILER)" \
		LOG_COMPILER="$(VALGRIND_LOG_COMPILER)" \
		LOG_COMPILER="$(VALGRIND_LOG_COMPILER)" \
		LOG_COMPILER="$(VALGRIND_LOG_COMPILER)" \
		LOG_FLAGS="$(valgrind_$(VALGRIND_TOOL)_flags)" \
		LOG_FLAGS="$(valgrind_drd_flags)" \
		LOG_FLAGS="$(valgrind_helgrind_flags)" \
		LOG_FLAGS="$(valgrind_memcheck_flags)" \
		LOG_FLAGS="$(valgrind_sgcheck_flags)" \
		TESTS_ENVIRONMENT="$(VALGRIND_TESTS_ENVIRONMENT)" \
		TESTS_ENVIRONMENT="$(VALGRIND_TESTS_ENVIRONMENT)" \
		TESTS_ENVIRONMENT="$(VALGRIND_TESTS_ENVIRONMENT)" \
		TESTS_ENVIRONMENT="$(VALGRIND_TESTS_ENVIRONMENT)" \
		TESTS_ENVIRONMENT="$(VALGRIND_TESTS_ENVIRONMENT)" \
		TEST_SUITE_LOG=test-suite-$(VALGRIND_TOOL).log
		TEST_SUITE_LOG=test-suite-drd.log
		TEST_SUITE_LOG=test-suite-helgrind.log
		TEST_SUITE_LOG=test-suite-memcheck.log
		TEST_SUITE_LOG=test-suite-sgcheck.log
	$(MAKE) check-TESTS \
	$(MAKE) check-TESTS \
	$(MAKE) check-TESTS \
	$(MAKE) check-TESTS \
	$(MAKE) check-TESTS \
	$(TESTS_ENVIRONMENT) \
	$(VALGRIND) $(VALGRIND_SUPPRESSIONS) --error-exitcode=1 $(VALGRIND_FLAGS)
	$(valgrind_lt) \
	)
	-$(foreach tool,$(valgrind_tools), \
	@echo "Need to reconfigure with --enable-code-coverage"
	@echo "Need to reconfigure with --enable-code-coverage"
	@echo "Need to reconfigure with --enable-valgrind"
	@echo "Need to reconfigure with --enable-valgrind"
	@echo "Need to reconfigure with --enable-valgrind"
	@echo "Need to reconfigure with --enable-valgrind"
	@echo "Need to reconfigure with --enable-valgrind"
	@echo "Need to reconfigure with --enable-valgrind"
	G_DEBUG=fatal-warnings,fatal-criticals,gc-friendly
	G_SLICE=always-malloc,debug-blocks \
	env VALGRIND=$(VALGRIND) \
        check-code-coverage code-coverage-join code-coverage-remove code-coverage-genhtml code-coverage-capture-hook code-coverage-clean
 $(CODE_COVERAGE_IGNORE_PATTERN);
 $(CODE_COVERAGE_OUTPUT_FILE);
#
#
#
#    $(PACKAGE_NAME)-$(PACKAGE_VERSION)-coverage)
#    $(PACKAGE_NAME)-$(PACKAGE_VERSION)-coverage.info)
#    (Default: $(top_builddir))
#    (Default: --num-callers=30)
#    (Default: empty)
#    Multiple directories may be specified, separated by whitespace.
#    by lcov for code coverage. (Default:
#    collecting lcov instance. (Default: $CODE_COVERAGE_LCOV_OPTIONS_GCOVPATH)
#    files to load. (Default: empty)
#    genhtml instance. (Default: based on $CODE_COVERAGE_BRANCH_COVERAGE)
#    instance. (Default: $CODE_COVERAGE_GENHTML_OPTIONS_DEFAULT)
#    instance. (Default: $CODE_COVERAGE_LCOV_OPTIONS_DEFAULT)
#    instance. (Default: $CODE_COVERAGE_LCOV_RMOPTS_DEFAULT)
#    instances. (Default: $CODE_COVERAGE_LCOV_SHOPTS_DEFAULT)
#    instances. (Default: based on $CODE_COVERAGE_BRANCH_COVERAGE)
#    lcov instance. (Default: empty)
#    memcheck, helgrind, drd, sgcheck). (Default: various)
#    reports to be created. (Default:
#    set to 0 to disable it and leave empty to stay with the default.
#  - CODE_COVERAGE_BRANCH_COVERAGE: Set to 1 to enforce branch coverage,
#  - CODE_COVERAGE_DIRECTORY: Top-level directory for code coverage reporting.
#  - CODE_COVERAGE_GENHTML_OPTIONS: Extra options to pass to the genhtml
#  - CODE_COVERAGE_GENHTML_OPTIONS_DEFAULT: Extra options to pass to the
#  - CODE_COVERAGE_IGNORE_PATTERN: Extra glob pattern of files to ignore
#  - CODE_COVERAGE_LCOV_OPTIONS: Extra options to pass to the collecting lcov
#  - CODE_COVERAGE_LCOV_OPTIONS_DEFAULT: Extra options to pass to the
#  - CODE_COVERAGE_LCOV_OPTIONS_GCOVPATH: --gcov-tool pathtogcov
#  - CODE_COVERAGE_LCOV_RMOPTS: Extra options to pass to the filtering lcov
#  - CODE_COVERAGE_LCOV_RMOPTS_DEFAULT: Extra options to pass to the filtering
#  - CODE_COVERAGE_LCOV_SHOPTS: Extra options to shared between both lcov
#  - CODE_COVERAGE_LCOV_SHOPTS_DEFAULT: Extra options shared between both lcov
#  - CODE_COVERAGE_OUTPUT_DIRECTORY: Directory for generated code coverage
#  - CODE_COVERAGE_OUTPUT_FILE: Filename and path for the .info file generated
#  - VALGRIND_$toolname_FLAGS: Flags to pass to Valgrind $toolname (one of:
#  - VALGRIND_FLAGS: General flags to pass to all Valgrind tools.
#  - VALGRIND_SUPPRESSIONS_FILES: Space-separated list of Valgrind suppressions
# $(PACKAGE_VERSION). In order to add the current git hash to the title,
# .PHONY: check-code-coverage code-coverage-capture code-coverage-capture-recursive code-coverage-capture-am code-coverage-join code-coverage-remove code-coverage-genhtml code-coverage-capture-hook code-coverage-clean
# Capture code coverage data
# Code coverage
# Hook rule executed before code-coverage-capture, overridable by the user
# Internal use
# Optional variables
# Optional variables
# Optional:
# Optional:
# Support running with and without libtool.
# The generated report will be titled using the $(PACKAGE_NAME) and
# Use recursive makes in order to ignore errors during check
# Use recursive makes in order to ignore errors during check
# Valgrind check
# Valgrind running
# sanitizes the test-name: replaces with underscores: dashes and dots
# use the git-version-gen script, available online.
#am__extra_recursive_targets = code-coverage-capture
#am__recursive_targets += code-coverage-capture
$(if $(CODE_COVERAGE_BRANCH_COVERAGE),\
'
'
--rc genhtml_branch_coverage=$(CODE_COVERAGE_BRANCH_COVERAGE))
--rc lcov_branch_coverage=$(CODE_COVERAGE_BRANCH_COVERAGE))
.MAKE: code-coverage-capture-am
.PHONY: check-valgrind check-valgrind-tool
.PHONY: code-coverage-capture-am code-coverage-capture  \
ACLOCAL='${SHELL} /Users/hugohow-choong/42/aircrack-ng-1.5.2/missing aclocal-1.16'
ACLOCAL_AMFLAGS='-I build/m4/stubs -I build/m4 ${ACLOCAL_FLAGS}'
AIRPCAP_CFLAGS=''
AIRPCAP_FALSE=''
AIRPCAP_LIBS=''
AIRPCAP_TRUE='#'
ALTIVEC_FALSE=''
ALTIVEC_TRUE='#'
AMDEPBACKSLASH='\'
AMDEP_FALSE='#'
AMDEP_TRUE=''
AMTAR='$${TAR-tar}'
AM_BACKSLASH='\'
AM_DEFAULT_V='$(AM_DEFAULT_VERBOSITY)'
AM_DEFAULT_VERBOSITY='0'
AM_DISTCHECK_CONFIGURE_FLAGS += --disable-code-coverage
AM_DISTCHECK_CONFIGURE_FLAGS += --disable-valgrind
AM_DISTCHECK_CONFIGURE_FLAGS ?=
AM_DISTCHECK_CONFIGURE_FLAGS ?=
AM_V='$(V)'
AR='ar'
ARM_FALSE=''
ARM_TRUE='#'
AS='as'
AUTOCONF='${SHELL} /Users/hugohow-choong/42/aircrack-ng-1.5.2/missing autoconf'
AUTOHEADER='${SHELL} /Users/hugohow-choong/42/aircrack-ng-1.5.2/missing autoheader'
AUTOMAKE='${SHELL} /Users/hugohow-choong/42/aircrack-ng-1.5.2/missing automake-1.16'
AVX512F_FALSE=''
AVX512F_FOUND=''
AVX512F_TRUE='#'
AWK='awk'
BREW='/usr/local/bin/brew'
CACHELINE_SIZE='64'
CC='gcc'
CCAS='gcc'
CCASDEPMODE='depmode=gcc3'
CCASFLAGS=''
CCDEPMODE='depmode=gcc3'
CFLAGS='  -Wall -Wno-unused-command-line-argument -O3 -std=gnu99 -fno-strict-aliasing -Wpointer-arith -Wstrict-overflow=2 -Wstrict-prototypes -fvisibility=hidden -fstack-protector-strong -Wno-array-bounds  -I/usr/local/opt/openssl/include'
CMOCKA_CFLAGS=''
CMOCKA_FALSE=''
CMOCKA_LIBS=''
CMOCKA_TRUE='#'
CODE_COVERAGE_BRANCH_COVERAGE ?= 1
CODE_COVERAGE_CFLAGS=''
CODE_COVERAGE_CPPFLAGS=''
CODE_COVERAGE_CXXFLAGS=''
CODE_COVERAGE_DIRECTORY ?= $(builddir)
CODE_COVERAGE_ENABLED='no'
CODE_COVERAGE_ENABLED_FALSE=''
CODE_COVERAGE_ENABLED_TRUE='#'
CODE_COVERAGE_GENHTML_OPTIONS ?= $(CODE_COVERAGE_GENHTML_OPTIONS_DEFAULT)
CODE_COVERAGE_GENHTML_OPTIONS_DEFAULT ?=\
CODE_COVERAGE_IGNORE_PATTERN ?=
CODE_COVERAGE_IGNORE_PATTERN='/usr/include/\* /usr/local/include/\* /usr/lib/gcc/\* /usr/local/lib/gcc/\*'
CODE_COVERAGE_LCOV_OPTIONS ?= $(CODE_COVERAGE_LCOV_OPTIONS_DEFAULT)
CODE_COVERAGE_LCOV_OPTIONS_DEFAULT ?= $(CODE_COVERAGE_LCOV_OPTIONS_GCOVPATH)
CODE_COVERAGE_LCOV_OPTIONS_GCOVPATH ?= --gcov-tool "$(GCOV)"
CODE_COVERAGE_LCOV_RMOPTS ?= $(CODE_COVERAGE_LCOV_RMOPTS_DEFAULT)
CODE_COVERAGE_LCOV_RMOPTS_DEFAULT ?=
CODE_COVERAGE_LCOV_SHOPTS ?= $(CODE_COVERAGE_LCOV_SHOPTS_DEFAULT)
CODE_COVERAGE_LCOV_SHOPTS_DEFAULT ?= -b $(abs_srcdir) $(if $(CODE_COVERAGE_BRANCH_COVERAGE),\
CODE_COVERAGE_LDFLAGS=''
CODE_COVERAGE_LIBS=''
CODE_COVERAGE_OUTPUT_DIRECTORY ?= $(abs_builddir)/$(PACKAGE_NAME)-coverage
CODE_COVERAGE_OUTPUT_FILE ?= $(abs_builddir)/$(PACKAGE_NAME)-$(PACKAGE_VERSION)-coverage.info
CODE_COVERAGE_RULES='
CPP='gcc -E'
CPPFLAGS=' -Wno-unused-command-line-argument  -I/usr/local/opt/openssl/include -I/usr/local/include -D_FILE_OFFSET_BITS=64 -D_LARGEFILE64_SOURCE -D_FORTIFY_SOURCE=2'
CRYPTO_CFLAGS=''
CRYPTO_INCLUDES=''
CRYPTO_LDFLAGS=''
CRYPTO_LIBS='-lcrypto'
CXX='g++'
CXXCPP='g++ -E'
CXXDEPMODE='depmode=gcc3'
CXXFLAGS='  -Wall -Wno-unused-command-line-argument -O3 -fvisibility=hidden -fstack-protector-strong -Wno-array-bounds -masm=intel  -I/usr/local/opt/openssl/include'
CYGPATH_W='echo'
CYGWIN_FALSE=''
CYGWIN_TRUE='#'
DARWIN_FALSE='#'
DARWIN_TRUE=''
DEFS='-DPACKAGE_NAME=\"aircrack-ng\" -DPACKAGE_TARNAME=\"aircrack-ng\" -DPACKAGE_VERSION=\"1.5.2\" -DPACKAGE_STRING=\"aircrack-ng\ 1.5.2\" -DPACKAGE_BUGREPORT=\"https://forum.aircrack-ng.org\" -DPACKAGE_URL=\"\" -DPACKAGE=\"aircrack-ng\" -DVERSION=\"1.5.2\" -DSTDC_HEADERS=1 -DHAVE_SYS_TYPES_H=1 -DHAVE_SYS_STAT_H=1 -DHAVE_STDLIB_H=1 -DHAVE_STRING_H=1 -DHAVE_MEMORY_H=1 -DHAVE_STRINGS_H=1 -DHAVE_INTTYPES_H=1 -DHAVE_STDINT_H=1 -DHAVE_UNISTD_H=1 -DHAVE_DLFCN_H=1 -DLT_OBJDIR=\".libs/\" -D_REVISION=\"1.5.2\" -DHAVE_OPENSSL_CRYPTO_H=1 -DHAVE_OPENSSL_CMAC_H=1 -DHAVE_OPENSSL_CMAC_H=1 -DHAVE_PCAP_H=1 -DHAVE_PCAP=1 -DHAVE_PCRE=1 -DHAVE_SQLITE3_H=1 -DHAVE_SQLITE3=1 -DHAVE_SQLITE=1 -DHAVE_ZLIB=1 -DHAVE_PTHREAD_PRIO_INHERIT=1 -D_REENTRANT=1 -DHAVE_POSIX_MEMALIGN=1 -DCACHELINE_SIZE=64 -DINTEL_ASM=1 -DCACHELINE_SIZE=64'
DEPDIR='.deps'
DLLTOOL='false'
DSYMUTIL='dsymutil'
DUMMY_FALSE=''
DUMMY_TRUE='#'
DUMPBIN=''
ECHO_C='\c'
ECHO_N=''
ECHO_T=''
EGREP='/usr/bin/grep -E'
ENABLE_INSTALLED_TESTS_FALSE=''
ENABLE_INSTALLED_TESTS_TRUE='#'
ETHTOOL=''
EXEEXT=''
EXPERIMENTAL_FALSE='#'
EXPERIMENTAL_TRUE=''
EXT_SCRIPTS_FALSE=''
EXT_SCRIPTS_TRUE='#'
FGREP='/usr/bin/grep -F'
FREEBSD_FALSE=''
FREEBSD_TRUE='#'
GCOV=''
GCRYPT_CFLAGS=''
GCRYPT_LIBS=''
GENHTML=''
GITIGNOREFILES += $(CODE_COVERAGE_OUTPUT_FILE) $(CODE_COVERAGE_OUTPUT_DIRECTORY)
GITIGNOREFILES ?=
GREP='/usr/bin/grep'
HAVE_AIRPCAP_OR_PCAP_FALSE='#'
HAVE_AIRPCAP_OR_PCAP_TRUE=''
HAVE_HWLOC_FALSE=''
HAVE_HWLOC_TRUE='#'
HAVE_PCAP_FALSE='#'
HAVE_PCAP_TRUE=''
HAVE_SQLITE3='yes'
HAVE_SQLITE3_FALSE='#'
HAVE_SQLITE3_TRUE=''
HWLOC_CFLAGS=''
HWLOC_FOUND='no'
HWLOC_LIBS=''
INSTALL_DATA='${INSTALL} -m 644'
INSTALL_PROGRAM='${INSTALL}'
INSTALL_SCRIPT='${INSTALL}'
INSTALL_STRIP_PROGRAM='$(install_sh) -c -s'
LCOV=''
LD='/Applications/Xcode.app/Contents/Developer/Toolchains/XcodeDefault.xctoolchain/usr/bin/ld'
LDFLAGS=' -L/usr/local/opt/openssl/lib'
LIBGCRYPT_CFLAGS=''
LIBGCRYPT_CONFIG=''
LIBGCRYPT_FALSE=''
LIBGCRYPT_LIBS=''
LIBGCRYPT_TRUE='#'
LIBNL1_CFLAGS=''
LIBNL1_LIBS=''
LIBNL30_CFLAGS=''
LIBNL30_LIBS=''
LIBNL31_CFLAGS=''
LIBNL31_LIBS=''
LIBNL3X_CFLAGS=''
LIBNL3X_LIBS=''
LIBNLT_CFLAGS=''
LIBNLT_LIBS=''
LIBNL_CFLAGS=''
LIBNL_LIBS=''
LIBOBJS=''
LIBS='  -ldl -lm'
LIBTOOL='$(SHELL) $(top_builddir)/libtool'
LINUX_FALSE=''
LINUX_TRUE='#'
LIPO='lipo'
LN_S='ln -s'
LTDL_FOUND=''
LTDL_LIBS=''
LTLIBOBJS=''
LT_SYS_LIBRARY_PATH=''
MAINT=''
MAINTAINER_MODE_FALSE='#'
MAINTAINER_MODE_TRUE=''
MAKEINFO='${SHELL} /Users/hugohow-choong/42/aircrack-ng-1.5.2/missing makeinfo'
MANIFEST_TOOL=':'
MKDIR_P='/usr/local/bin/gmkdir -p'
MOSTLYCLEANFILES += $(valgrind_log_files)
MOSTLYCLEANFILES ?=
MULTIBIN_FALSE=''
MULTIBIN_TRUE='#'
NEON_FALSE=''
NEON_TRUE='#'
NETBSD_FALSE=''
NETBSD_TRUE='#'
NLLIBNAME=''
NM='/usr/bin/nm -B'
NMEDIT='nmedit'
NUMA_FOUND=''
NUMA_LIBS=''
OBJDUMP='objdump'
OBJEXT='o'
OPENBSD_FALSE=''
OPENBSD_TRUE='#'
OPENSSL_FOUND='yes'
OPENSSL_INCLUDES=''
OPENSSL_LDFLAGS=''
OPENSSL_LIBS='-lcrypto'
OTOOL64=':'
OTOOL='otool'
PACKAGE='aircrack-ng'
PACKAGE_BUGREPORT='https://forum.aircrack-ng.org'
PACKAGE_NAME='aircrack-ng'
PACKAGE_STRING='aircrack-ng 1.5.2'
PACKAGE_TARNAME='aircrack-ng'
PACKAGE_URL=''
PACKAGE_VERSION='1.5.2'
PATH_SEPARATOR=':'
PCAP_CFLAGS='-I/usr/include/pcap'
PCAP_FOUND='yes'
PCAP_LIBS='-lpcap'
PCRE_CFLAGS='-I/usr/local/Cellar/pcre/8.41/include'
PCRE_FOUND=''
PCRE_LIBS='-L/usr/local/Cellar/pcre/8.41/lib -lpcre'
PKG_CONFIG='/usr/local/bin/pkg-config'
PKG_CONFIG_LIBDIR=''
PKG_CONFIG_PATH=''
POWER8_FALSE=''
POWER8_TRUE='#'
PPC_FALSE=''
PPC_TRUE='#'
PTHREAD_CC='gcc'
PTHREAD_CFLAGS='-Qunused-arguments -pthread'
PTHREAD_LIBS='-lpthread'
PYTHON='python'
RANLIB='ranlib'
READLINK='greadlink'
RFKILL=''
SED='/usr/bin/sed'
SET_MAKE=''
SHELL='/bin/sh'
SIMD_SUFFIX=''
SQLITE3_CFLAGS='-I/usr/include'
SQLITE3_FOUND=''
SQLITE3_LDFLAGS='-L/usr/lib -lsqlite3'
SQLITE3_LIBS=''
SQLITE3_VERSION='3.16.0'
STATIC_BUILD_FALSE=''
STATIC_BUILD_TRUE='#'
STATIC_CRYPTO_FALSE=''
STATIC_CRYPTO_TRUE='#'
STATIC_HOST_ALIAS=''
STATIC_HWLOC_FALSE=''
STATIC_HWLOC_TRUE='#'
STATIC_LIBDIR_NAME='lib'
STRIP='strip'
VALGRIND='valgrind'
VALGRIND_CHECK_RULES='
VALGRIND_ENABLED='yes'
VALGRIND_ENABLED_FALSE='#'
VALGRIND_ENABLED_TRUE=''
VALGRIND_FLAGS ?= --num-callers=30
VALGRIND_HAVE_TOOL_drd='drd'
VALGRIND_HAVE_TOOL_exp_sgcheck=''
VALGRIND_HAVE_TOOL_helgrind='helgrind'
VALGRIND_HAVE_TOOL_memcheck='memcheck'
VALGRIND_LOG_COMPILER = \
VALGRIND_SUPPRESSIONS ?= $(addprefix --suppressions=,$(VALGRIND_SUPPRESSIONS_FILES))
VALGRIND_TESTS_ENVIRONMENT = \
VALGRIND_drd_FLAGS ?=
VALGRIND_helgrind_FLAGS ?= --history-level=approx
VALGRIND_memcheck_FLAGS ?= --leak-check=full --show-reachable=no
VALGRIND_sgcheck_FLAGS ?=
VERSION='1.5.2'
X86_FALSE='#'
X86_TRUE=''
ZLIB_CFLAGS=''
ZLIB_FOUND=''
ZLIB_LIBS='-lz'
_REVISION=''
ac_ct_AR='ar'
ac_ct_CC='gcc'
ac_ct_CXX='g++'
ac_ct_DUMPBIN=''
am__EXEEXT_FALSE=''
am__EXEEXT_TRUE='#'
am__extra_recursive_targets='code-coverage-capture-recursive'
am__fastdepCCAS_FALSE='#'
am__fastdepCCAS_TRUE=''
am__fastdepCC_FALSE='#'
am__fastdepCC_TRUE=''
am__fastdepCXX_FALSE='#'
am__fastdepCXX_TRUE=''
am__include='include'
am__isrc=''
am__leading_dot='.'
am__nodep='_no'
am__quote=''
am__tar='$${TAR-tar} chof - "$$tardir"'
am__untar='$${TAR-tar} xf -'
arm_neon_cflags=''
arm_neon_cxxflags=''
ax_pthread_config=''
bindir='${exec_prefix}/bin'
build='x86_64-apple-darwin16.7.0'
build_alias=''
build_cpu='x86_64'
build_os='darwin16.7.0'
build_vendor='apple'
check-code-coverage:
check-valgrind-drd:
check-valgrind-helgrind:
check-valgrind-memcheck:
check-valgrind-sgcheck:
check-valgrind-tool:
check-valgrind:
code-coverage-capture-am: code-coverage-capture-hook
code-coverage-capture-hook:
code-coverage-capture: code-coverage-capture-am
code-coverage-capture: code-coverage-capture-recursive
code-coverage-genhtml:
code-coverage-join:
code-coverage-remove:
code_coverage_quiet = $(code_coverage_quiet_$(V))
code_coverage_quiet_ = $(code_coverage_quiet_$(AM_DEFAULT_VERBOSITY))
code_coverage_quiet_0 = --quiet
code_coverage_sanitize = $(subst -,_,$(subst .,_,$(1)))
code_coverage_v_genhtml = $(code_coverage_v_genhtml_$(V))
code_coverage_v_genhtml_ = $(code_coverage_v_genhtml_$(AM_DEFAULT_VERBOSITY))
code_coverage_v_genhtml_0 = echo "  GEN   " $(CODE_COVERAGE_OUTPUT_DIRECTORY);
code_coverage_v_lcov_cap = $(code_coverage_v_lcov_cap_$(V))
code_coverage_v_lcov_cap_ = $(code_coverage_v_lcov_cap_$(AM_DEFAULT_VERBOSITY))
code_coverage_v_lcov_cap_0 = echo "  LCOV   --capture"\
code_coverage_v_lcov_ign = $(code_coverage_v_lcov_ign_$(V))
code_coverage_v_lcov_ign_ = $(code_coverage_v_lcov_ign_$(AM_DEFAULT_VERBOSITY))
code_coverage_v_lcov_ign_0 = echo "  LCOV   --remove /tmp/*"\
datadir='${datarootdir}'
datarootdir='${prefix}/share'
docdir='${datarootdir}/doc/${PACKAGE_TARNAME}'
dvidir='${docdir}'
else
else
else
else
else
else
else
else
endif
endif
endif
endif
endif
endif
endif
endif
exec_prefix='${prefix}'
host='x86_64-apple-darwin16.7.0'
host_alias=''
host_cpu='x86_64'
host_os='darwin16.7.0'
host_vendor='apple'
htmldir='${docdir}'
ifeq ($(VALGRIND_ENABLED),yes)
ifeq ($(VALGRIND_ENABLED),yes)
ifeq ($(VALGRIND_ENABLED),yes)
ifeq ($(VALGRIND_ENABLED),yes)
ifeq ($(VALGRIND_ENABLED),yes)
ifeq ($(VALGRIND_ENABLED),yes)
ifneq ($(LIBTOOL),)
ifneq ($(SUBDIRS),)
includedir='${prefix}/include'
infodir='${datarootdir}/info'
install_sh='${SHELL} /Users/hugohow-choong/42/aircrack-ng-1.5.2/install-sh'
libdir='${exec_prefix}/lib'
libexecdir='${exec_prefix}/libexec'
localedir='${datarootdir}/locale'
localstatedir='${prefix}/var'
mandir='${datarootdir}/man'
mkdir_p='$(MKDIR_P)'
oldincludedir='/usr/include'
pdfdir='${docdir}'
pkgpythondir='${pythondir}/aircrack-ng'
ppc_altivec_cflags=''
ppc_altivec_cxxflags=''
prefix='/usr/local'
program_transform_name='s,x,x,'
psdir='${docdir}'
pythondir='/usr/local/Cellar/python@2/2.7.15_2/Frameworks/Python.framework/Versions/2.7/lib/site-python'
sbindir='${exec_prefix}/sbin'
sharedstatedir='${prefix}/com'
sysconfdir='${prefix}/etc'
target='x86_64-apple-darwin16.7.0'
target_alias=''
target_cpu='x86_64'
target_os='darwin16.7.0'
target_vendor='apple'
valgrind_drd_flags = --tool=drd $(VALGRIND_drd_FLAGS)
valgrind_helgrind_flags = --tool=helgrind $(VALGRIND_helgrind_FLAGS)
valgrind_log_files = $(addprefix test-suite-,$(addsuffix .log,$(valgrind_tools)))
valgrind_lt =
valgrind_lt = $(LIBTOOL) $(AM_LIBTOOLFLAGS) $(LIBTOOLFLAGS) --mode=execute
valgrind_memcheck_flags = --tool=memcheck $(VALGRIND_memcheck_FLAGS)
valgrind_quiet = $(valgrind_quiet_$(V))
valgrind_quiet_ = $(valgrind_quiet_$(AM_DEFAULT_VERBOSITY))
valgrind_quiet_0 = --quiet
valgrind_sgcheck_flags = --tool=exp-sgcheck $(VALGRIND_sgcheck_FLAGS)
valgrind_tools = memcheck helgrind drd sgcheck
x86_avx2_cflags='-mavx2'
x86_avx2_cxxflags='-mavx2'
x86_avx512_cflags=''
x86_avx512_cxxflags=''
x86_avx_cflags='-mavx'
x86_avx_cxxflags='-mavx'
x86_mmx_cflags='-mmmx'
x86_mmx_cxxflags='-mmmx'
x86_sse2_cflags='-msse2'
x86_sse2_cxxflags='-msse2'

## ----------- ##
## confdefs.h. ##
## ----------- ##

/* confdefs.h */
#define PACKAGE_NAME "aircrack-ng"
#define PACKAGE_TARNAME "aircrack-ng"
#define PACKAGE_VERSION "1.5.2"
#define PACKAGE_STRING "aircrack-ng 1.5.2"
#define PACKAGE_BUGREPORT "https://forum.aircrack-ng.org"
#define PACKAGE_URL ""
#define PACKAGE "aircrack-ng"
#define VERSION "1.5.2"
#define STDC_HEADERS 1
#define HAVE_SYS_TYPES_H 1
#define HAVE_SYS_STAT_H 1
#define HAVE_STDLIB_H 1
#define HAVE_STRING_H 1
#define HAVE_MEMORY_H 1
#define HAVE_STRINGS_H 1
#define HAVE_INTTYPES_H 1
#define HAVE_STDINT_H 1
#define HAVE_UNISTD_H 1
#define HAVE_DLFCN_H 1
#define LT_OBJDIR ".libs/"
#define _REVISION "1.5.2"
#define HAVE_OPENSSL_CRYPTO_H 1
#define HAVE_OPENSSL_CMAC_H 1
#define HAVE_OPENSSL_CMAC_H 1
#define HAVE_PCAP_H 1
#define HAVE_PCAP 1
#define HAVE_PCRE 1
#define HAVE_SQLITE3_H 1
#define HAVE_SQLITE3 1
#define HAVE_SQLITE 1
#define HAVE_ZLIB 1
#define HAVE_PTHREAD_PRIO_INHERIT 1
#define _REENTRANT 1
#define HAVE_POSIX_MEMALIGN 1
#define CACHELINE_SIZE 64
#define INTEL_ASM 1
#define CACHELINE_SIZE 64

configure: exit 0
