npm_config_save_dev=
npm_config_legacy_bundling=
npm_config_dry_run=
npm_config_viewer=man
npm_config_only=
npm_config_commit_hooks=true
npm_config_browser=
npm_config_also=
npm_config_sign_git_commit=
npm_config_rollback=true
npm_package_dependencies_os=^0.1.1
TERM_PROGRAM=Apple_Terminal
NODE=/usr/local/bin/node
npm_config_usage=
npm_config_audit=true
INIT_CWD=/Users/hugohow-choong/42/taskmaster
npm_config_globalignorefile=/usr/local/etc/npmignore
npm_package_devDependencies_jest=^24.1.0
TERM=xterm-256color
SHELL=/bin/zsh
npm_config_shell=/bin/zsh
npm_config_maxsockets=50
npm_config_init_author_url=
npm_config_shrinkwrap=true
npm_config_parseable=
npm_config_metrics_registry=https://registry.npmjs.org/
TMPDIR=/var/folders/7f/9kzlj6h169359rtzggmmg31c0000gn/T/
npm_config_timing=
npm_config_init_license=ISC
Apple_PubSub_Socket_Render=/private/tmp/com.apple.launchd.jnfnMxHiws/Render
npm_config_if_present=
TERM_PROGRAM_VERSION=388.1.1
npm_config_sign_git_tag=
npm_config_init_author_email=
npm_config_cache_max=Infinity
npm_config_preid=
npm_config_long=
npm_config_local_address=
npm_config_git_tag_version=true
npm_config_cert=
TERM_SESSION_ID=A144CEFD-48A1-4226-ADB5-F818BD8DA599
npm_config_registry=https://registry.npmjs.org/
npm_config_noproxy=
npm_config_fetch_retries=2
npm_package_dependencies_js_yaml=^3.12.1
ZSH=/Users/hugohow-choong/.oh-my-zsh
npm_config_versions=
npm_config_message=%s
npm_config_key=
npm_package_description=taskmaster typescript
USER=hugohow-choong
npm_package_license=ISC
npm_config_globalconfig=/usr/local/etc/npmrc
npm_config_prefer_online=
npm_config_logs_max=10
npm_config_always_auth=
npm_package_dependencies_http=0.0.0
SSH_AUTH_SOCK=/private/tmp/com.apple.launchd.Pps5EY6hA2/Listeners
__CF_USER_TEXT_ENCODING=0x1F5:0x0:0x1
npm_execpath=/usr/local/lib/node_modules/npm/bin/npm-cli.js
npm_config_global_style=
npm_config_cache_lock_retries=10
npm_config_update_notifier=true
npm_config_cafile=
PAGER=less
npm_package_author_name=hugohow
npm_config_heading=npm
npm_config_audit_level=low
LSCOLORS=Gxfxcxdxbxegedabagacad
npm_config_searchlimit=20
npm_config_read_only=
npm_config_offline=
npm_config_fetch_retry_mintimeout=10000
npm_config_json=
npm_config_access=
npm_config_argv={"remain":[],"cooked":["run","start"],"original":["run","start"]}
PATH=/usr/local/lib/node_modules/npm/node_modules/npm-lifecycle/node-gyp-bin:/Users/hugohow-choong/42/taskmaster/node_modules/.bin:/usr/local/bin:/usr/bin:/bin:/usr/sbin:/sbin
npm_config_allow_same_version=
npm_config_https_proxy=
npm_config_engine_strict=
npm_config_description=true
_=/usr/local/bin/node
npm_config_userconfig=/Users/hugohow-choong/.npmrc
npm_config_init_module=/Users/hugohow-choong/.npm-init.js
npm_config_cidr=
PWD=/Users/hugohow-choong/42/taskmaster
npm_config_user=501
npm_config_node_version=10.15.1
npm_lifecycle_event=start
npm_config_save=true
npm_config_ignore_prepublish=
npm_config_editor=vi
npm_config_auth_type=legacy
npm_package_name=taskmaster
LANG=fr_FR.UTF-8
npm_config_tag=latest
npm_config_script_shell=
npm_config_progress=true
npm_config_global=
npm_package_scripts_start=node src/
npm_config_searchstaleness=900
npm_config_optional=true
npm_config_ham_it_up=
XPC_FLAGS=0x0
npm_config_save_prod=
npm_config_force=
npm_config_bin_links=true
npm_package_dependencies_fs=0.0.1-security
npm_config_searchopts=
npm_config_node_gyp=/usr/local/lib/node_modules/npm/node_modules/node-gyp/bin/node-gyp.js
npm_config_depth=Infinity
npm_package_main=index.js
npm_config_sso_poll_frequency=500
npm_config_rebuild_bundle=true
npm_package_version=1.0.0
XPC_SERVICE_NAME=0
npm_config_unicode=true
HOME=/Users/hugohow-choong
SHLVL=2
npm_config_fetch_retry_maxtimeout=60000
npm_package_scripts_test=jest
npm_config_tag_version_prefix=v
npm_config_strict_ssl=true
npm_config_sso_type=oauth
npm_config_scripts_prepend_node_path=warn-only
npm_config_save_prefix=^
npm_config_loglevel=notice
npm_config_ca=
npm_config_save_exact=
npm_config_group=20
npm_config_fetch_retry_factor=10
npm_config_dev=
npm_config_version=
npm_config_prefer_offline=
npm_config_cache_lock_stale=60000
npm_config_otp=
npm_config_cache_min=10
npm_config_searchexclude=
npm_config_cache=/Users/hugohow-choong/.npm
LESS=-R
LOGNAME=hugohow-choong
npm_lifecycle_script=node src/
npm_config_color=true
npm_config_proxy=
npm_config_package_lock=true
LC_CTYPE=fr_FR.UTF-8
npm_config_package_lock_only=
npm_config_save_optional=
npm_config_ignore_scripts=
npm_config_user_agent=npm/6.8.0 node/v10.15.1 darwin x64
npm_config_cache_lock_wait=10000
npm_config_production=
npm_config_send_metrics=
npm_config_save_bundle=
npm_config_umask=0022
npm_config_node_options=
npm_config_init_version=1.0.0
npm_config_init_author_name=
npm_config_git=git
npm_config_scope=
npm_package_scripts_clean=rm -rf node_modules && npm install
npm_config_unsafe_perm=true
npm_config_tmp=/var/folders/7f/9kzlj6h169359rtzggmmg31c0000gn/T
npm_config_onload_script=
npm_node_execpath=/usr/local/bin/node
npm_config_prefix=/usr/local
npm_config_link=
